<?xml version="1.0" encoding="UTF-8"?>
<coverage generated="1749635584320" clover="3.2.0">
  <project timestamp="1749635584321" name="All files">
    <metrics statements="72" coveredstatements="58" conditionals="9" coveredconditionals="4" methods="13" coveredmethods="6" elements="94" coveredelements="68" complexity="0" loc="72" ncloc="72" packages="1" files="2" classes="2"/>
    <file name="location.controller.ts" path="/home/robert/Desktop/Dekut-Training-Folder/drizzle-orm/src/location/location.controller.ts">
      <metrics statements="49" coveredstatements="49" conditionals="4" coveredconditionals="4" methods="6" coveredmethods="6"/>
      <line num="2" count="1" type="stmt"/>
      <line num="4" count="1" type="stmt"/>
      <line num="5" count="2" type="stmt"/>
      <line num="6" count="2" type="stmt"/>
      <line num="7" count="1" type="stmt"/>
      <line num="9" count="1" type="stmt"/>
      <line num="10" count="1" type="stmt"/>
      <line num="14" count="1" type="stmt"/>
      <line num="15" count="3" type="stmt"/>
      <line num="16" count="3" type="stmt"/>
      <line num="17" count="3" type="stmt"/>
      <line num="18" count="2" type="cond" truecount="1" falsecount="0"/>
      <line num="19" count="1" type="stmt"/>
      <line num="21" count="1" type="stmt"/>
      <line num="23" count="1" type="stmt"/>
      <line num="24" count="1" type="stmt"/>
      <line num="28" count="1" type="stmt"/>
      <line num="29" count="2" type="stmt"/>
      <line num="30" count="2" type="stmt"/>
      <line num="31" count="1" type="stmt"/>
      <line num="33" count="1" type="stmt"/>
      <line num="34" count="1" type="stmt"/>
      <line num="38" count="1" type="stmt"/>
      <line num="39" count="3" type="stmt"/>
      <line num="40" count="3" type="stmt"/>
      <line num="41" count="3" type="stmt"/>
      <line num="42" count="2" type="cond" truecount="1" falsecount="0"/>
      <line num="43" count="1" type="stmt"/>
      <line num="45" count="1" type="stmt"/>
      <line num="47" count="1" type="stmt"/>
      <line num="48" count="1" type="stmt"/>
      <line num="52" count="1" type="stmt"/>
      <line num="53" count="3" type="stmt"/>
      <line num="54" count="3" type="stmt"/>
      <line num="55" count="3" type="stmt"/>
      <line num="56" count="2" type="cond" truecount="1" falsecount="0"/>
      <line num="57" count="1" type="stmt"/>
      <line num="59" count="1" type="stmt"/>
      <line num="61" count="1" type="stmt"/>
      <line num="62" count="1" type="stmt"/>
      <line num="66" count="1" type="stmt"/>
      <line num="67" count="3" type="stmt"/>
      <line num="69" count="3" type="stmt"/>
      <line num="70" count="3" type="stmt"/>
      <line num="71" count="2" type="cond" truecount="1" falsecount="0"/>
      <line num="72" count="1" type="stmt"/>
      <line num="74" count="1" type="stmt"/>
      <line num="76" count="1" type="stmt"/>
      <line num="77" count="1" type="stmt"/>
    </file>
    <file name="location.service.ts" path="/home/robert/Desktop/Dekut-Training-Folder/drizzle-orm/src/location/location.service.ts">
      <metrics statements="23" coveredstatements="9" conditionals="5" coveredconditionals="0" methods="7" coveredmethods="0"/>
      <line num="1" count="1" type="stmt"/>
      <line num="2" count="1" type="stmt"/>
      <line num="3" count="1" type="stmt"/>
      <line num="6" count="1" type="stmt"/>
      <line num="7" count="0" type="stmt"/>
      <line num="11" count="1" type="stmt"/>
      <line num="12" count="0" type="stmt"/>
      <line num="13" count="0" type="cond" truecount="0" falsecount="2"/>
      <line num="17" count="1" type="stmt"/>
      <line num="18" count="0" type="stmt"/>
      <line num="19" count="0" type="stmt"/>
      <line num="23" count="1" type="stmt"/>
      <line num="27" count="0" type="stmt"/>
      <line num="33" count="0" type="cond" truecount="0" falsecount="2"/>
      <line num="37" count="1" type="stmt"/>
      <line num="38" count="0" type="stmt"/>
      <line num="39" count="0" type="stmt"/>
      <line num="42" count="1" type="stmt"/>
      <line num="43" count="0" type="stmt"/>
      <line num="52" count="0" type="cond" truecount="0" falsecount="1"/>
      <line num="54" count="0" type="stmt"/>
      <line num="56" count="0" type="stmt"/>
      <line num="58" count="0" type="stmt"/>
    </file>
  </project>
</coverage>
