{"/home/robert/Desktop/Dekut-Training-Folder/drizzle-orm/src/car/car.controller.ts": {"path":"/home/robert/Desktop/Dekut-Training-Folder/drizzle-orm/src/car/car.controller.ts","statementMap":{"0":{"start":{"line":2,"column":0},"end":{"line":2,"column":44}},"1":{"start":{"line":4,"column":26},"end":{"line":11,"column":1}},"2":{"start":{"line":5,"column":4},"end":{"line":10,"column":5}},"3":{"start":{"line":6,"column":21},"end":{"line":6,"column":50}},"4":{"start":{"line":7,"column":8},"end":{"line":7,"column":23}},"5":{"start":{"line":9,"column":8},"end":{"line":9,"column":64}},"6":{"start":{"line":4,"column":13},"end":{"line":4,"column":26}},"7":{"start":{"line":13,"column":26},"end":{"line":24,"column":1}},"8":{"start":{"line":14,"column":19},"end":{"line":14,"column":29}},"9":{"start":{"line":15,"column":4},"end":{"line":23,"column":5}},"10":{"start":{"line":16,"column":20},"end":{"line":16,"column":59}},"11":{"start":{"line":17,"column":8},"end":{"line":19,"column":9}},"12":{"start":{"line":18,"column":12},"end":{"line":18,"column":70}},"13":{"start":{"line":20,"column":8},"end":{"line":20,"column":22}},"14":{"start":{"line":22,"column":8},"end":{"line":22,"column":63}},"15":{"start":{"line":13,"column":13},"end":{"line":13,"column":26}},"16":{"start":{"line":26,"column":25},"end":{"line":33,"column":1}},"17":{"start":{"line":27,"column":4},"end":{"line":32,"column":5}},"18":{"start":{"line":28,"column":23},"end":{"line":28,"column":59}},"19":{"start":{"line":29,"column":8},"end":{"line":29,"column":37}},"20":{"start":{"line":31,"column":8},"end":{"line":31,"column":64}},"21":{"start":{"line":26,"column":13},"end":{"line":26,"column":25}},"22":{"start":{"line":35,"column":25},"end":{"line":46,"column":1}},"23":{"start":{"line":36,"column":19},"end":{"line":36,"column":29}},"24":{"start":{"line":37,"column":4},"end":{"line":45,"column":5}},"25":{"start":{"line":38,"column":24},"end":{"line":38,"column":72}},"26":{"start":{"line":39,"column":8},"end":{"line":41,"column":9}},"27":{"start":{"line":40,"column":12},"end":{"line":40,"column":68}},"28":{"start":{"line":42,"column":8},"end":{"line":42,"column":26}},"29":{"start":{"line":44,"column":8},"end":{"line":44,"column":64}},"30":{"start":{"line":35,"column":13},"end":{"line":35,"column":25}},"31":{"start":{"line":48,"column":25},"end":{"line":59,"column":1}},"32":{"start":{"line":49,"column":19},"end":{"line":49,"column":29}},"33":{"start":{"line":50,"column":4},"end":{"line":58,"column":5}},"34":{"start":{"line":51,"column":24},"end":{"line":51,"column":62}},"35":{"start":{"line":52,"column":8},"end":{"line":54,"column":9}},"36":{"start":{"line":53,"column":12},"end":{"line":53,"column":68}},"37":{"start":{"line":55,"column":8},"end":{"line":55,"column":58}},"38":{"start":{"line":57,"column":8},"end":{"line":57,"column":64}},"39":{"start":{"line":48,"column":13},"end":{"line":48,"column":25}}},"fnMap":{"0":{"name":"(anonymous_9)","decl":{"start":{"line":4,"column":26},"end":{"line":4,"column":31}},"loc":{"start":{"line":4,"column":65},"end":{"line":11,"column":1}}},"1":{"name":"(anonymous_10)","decl":{"start":{"line":13,"column":26},"end":{"line":13,"column":31}},"loc":{"start":{"line":13,"column":64},"end":{"line":24,"column":1}}},"2":{"name":"(anonymous_11)","decl":{"start":{"line":26,"column":25},"end":{"line":26,"column":30}},"loc":{"start":{"line":26,"column":63},"end":{"line":33,"column":1}}},"3":{"name":"(anonymous_12)","decl":{"start":{"line":35,"column":25},"end":{"line":35,"column":30}},"loc":{"start":{"line":35,"column":63},"end":{"line":46,"column":1}}},"4":{"name":"(anonymous_13)","decl":{"start":{"line":48,"column":25},"end":{"line":48,"column":30}},"loc":{"start":{"line":48,"column":63},"end":{"line":59,"column":1}}}},"branchMap":{"0":{"loc":{"start":{"line":17,"column":8},"end":{"line":19,"column":9}},"type":"if","locations":[{"start":{"line":17,"column":8},"end":{"line":19,"column":9}}]},"1":{"loc":{"start":{"line":39,"column":8},"end":{"line":41,"column":9}},"type":"if","locations":[{"start":{"line":39,"column":8},"end":{"line":41,"column":9}}]},"2":{"loc":{"start":{"line":52,"column":8},"end":{"line":54,"column":9}},"type":"if","locations":[{"start":{"line":52,"column":8},"end":{"line":54,"column":9}}]}},"s":{"0":1,"1":1,"2":2,"3":2,"4":1,"5":1,"6":1,"7":1,"8":3,"9":3,"10":3,"11":2,"12":1,"13":1,"14":1,"15":1,"16":1,"17":2,"18":2,"19":1,"20":1,"21":1,"22":1,"23":3,"24":3,"25":3,"26":2,"27":1,"28":1,"29":1,"30":1,"31":1,"32":4,"33":4,"34":4,"35":3,"36":2,"37":1,"38":1,"39":1},"f":{"0":2,"1":3,"2":2,"3":3,"4":4},"b":{"0":[1],"1":[1],"2":[2]}}
,"/home/robert/Desktop/Dekut-Training-Folder/drizzle-orm/src/car/car.service.ts": {"path":"/home/robert/Desktop/Dekut-Training-Folder/drizzle-orm/src/car/car.service.ts","statementMap":{"0":{"start":{"line":1,"column":0},"end":{"line":1,"column":32}},"1":{"start":{"line":2,"column":0},"end":{"line":2,"column":80}},"2":{"start":{"line":3,"column":0},"end":{"line":3,"column":33}},"3":{"start":{"line":5,"column":26},"end":{"line":7,"column":1}},"4":{"start":{"line":6,"column":4},"end":{"line":6,"column":44}},"5":{"start":{"line":5,"column":13},"end":{"line":5,"column":26}},"6":{"start":{"line":9,"column":26},"end":{"line":12,"column":1}},"7":{"start":{"line":10,"column":16},"end":{"line":10,"column":87}},"8":{"start":{"line":11,"column":4},"end":{"line":11,"column":38}},"9":{"start":{"line":9,"column":13},"end":{"line":9,"column":26}},"10":{"start":{"line":14,"column":25},"end":{"line":17,"column":1}},"11":{"start":{"line":15,"column":21},"end":{"line":15,"column":74}},"12":{"start":{"line":16,"column":4},"end":{"line":16,"column":18}},"13":{"start":{"line":14,"column":13},"end":{"line":14,"column":25}},"14":{"start":{"line":19,"column":25},"end":{"line":22,"column":1}},"15":{"start":{"line":20,"column":20},"end":{"line":20,"column":100}},"16":{"start":{"line":21,"column":4},"end":{"line":21,"column":46}},"17":{"start":{"line":19,"column":13},"end":{"line":19,"column":25}},"18":{"start":{"line":24,"column":25},"end":{"line":27,"column":1}},"19":{"start":{"line":25,"column":19},"end":{"line":25,"column":86}},"20":{"start":{"line":26,"column":4},"end":{"line":26,"column":29}},"21":{"start":{"line":24,"column":13},"end":{"line":24,"column":25}}},"fnMap":{"0":{"name":"(anonymous_0)","decl":{"start":{"line":5,"column":26},"end":{"line":5,"column":31}},"loc":{"start":{"line":5,"column":55},"end":{"line":7,"column":1}}},"1":{"name":"(anonymous_1)","decl":{"start":{"line":9,"column":26},"end":{"line":9,"column":31}},"loc":{"start":{"line":9,"column":70},"end":{"line":12,"column":1}}},"2":{"name":"(anonymous_2)","decl":{"start":{"line":14,"column":25},"end":{"line":14,"column":30}},"loc":{"start":{"line":14,"column":72},"end":{"line":17,"column":1}}},"3":{"name":"(anonymous_3)","decl":{"start":{"line":19,"column":25},"end":{"line":19,"column":30}},"loc":{"start":{"line":19,"column":100},"end":{"line":22,"column":1}}},"4":{"name":"(anonymous_4)","decl":{"start":{"line":24,"column":25},"end":{"line":24,"column":30}},"loc":{"start":{"line":24,"column":64},"end":{"line":27,"column":1}}}},"branchMap":{"0":{"loc":{"start":{"line":11,"column":11},"end":{"line":11,"column":37}},"type":"cond-expr","locations":[{"start":{"line":11,"column":24},"end":{"line":11,"column":30}},{"start":{"line":11,"column":33},"end":{"line":11,"column":37}}]},"1":{"loc":{"start":{"line":21,"column":11},"end":{"line":21,"column":45}},"type":"cond-expr","locations":[{"start":{"line":21,"column":28},"end":{"line":21,"column":38}},{"start":{"line":21,"column":41},"end":{"line":21,"column":45}}]}},"s":{"0":2,"1":2,"2":2,"3":2,"4":1,"5":2,"6":2,"7":1,"8":0,"9":2,"10":2,"11":1,"12":1,"13":2,"14":2,"15":1,"16":1,"17":2,"18":2,"19":1,"20":1,"21":2},"f":{"0":1,"1":1,"2":1,"3":1,"4":1},"b":{"0":[0,0],"1":[1,0]}}
,"/home/robert/Desktop/Dekut-Training-Folder/drizzle-orm/src/customer/customer.controller.ts": {"path":"/home/robert/Desktop/Dekut-Training-Folder/drizzle-orm/src/customer/customer.controller.ts","statementMap":{"0":{"start":{"line":2,"column":0},"end":{"line":2,"column":54}},"1":{"start":{"line":5,"column":31},"end":{"line":14,"column":1}},"2":{"start":{"line":7,"column":4},"end":{"line":13,"column":5}},"3":{"start":{"line":8,"column":26},"end":{"line":8,"column":65}},"4":{"start":{"line":9,"column":8},"end":{"line":9,"column":28}},"5":{"start":{"line":11,"column":8},"end":{"line":11,"column":58}},"6":{"start":{"line":12,"column":8},"end":{"line":12,"column":69}},"7":{"start":{"line":5,"column":13},"end":{"line":5,"column":31}},"8":{"start":{"line":16,"column":31},"end":{"line":28,"column":1}},"9":{"start":{"line":17,"column":19},"end":{"line":17,"column":29}},"10":{"start":{"line":18,"column":4},"end":{"line":27,"column":5}},"11":{"start":{"line":19,"column":25},"end":{"line":19,"column":74}},"12":{"start":{"line":20,"column":8},"end":{"line":22,"column":9}},"13":{"start":{"line":21,"column":12},"end":{"line":21,"column":73}},"14":{"start":{"line":23,"column":8},"end":{"line":23,"column":27}},"15":{"start":{"line":25,"column":8},"end":{"line":25,"column":57}},"16":{"start":{"line":26,"column":8},"end":{"line":26,"column":68}},"17":{"start":{"line":16,"column":13},"end":{"line":16,"column":31}},"18":{"start":{"line":30,"column":30},"end":{"line":42,"column":1}},"19":{"start":{"line":31,"column":19},"end":{"line":31,"column":29}},"20":{"start":{"line":32,"column":4},"end":{"line":41,"column":5}},"21":{"start":{"line":33,"column":24},"end":{"line":33,"column":82}},"22":{"start":{"line":34,"column":8},"end":{"line":36,"column":9}},"23":{"start":{"line":35,"column":12},"end":{"line":35,"column":73}},"24":{"start":{"line":37,"column":8},"end":{"line":37,"column":26}},"25":{"start":{"line":39,"column":8},"end":{"line":39,"column":57}},"26":{"start":{"line":40,"column":8},"end":{"line":40,"column":69}},"27":{"start":{"line":30,"column":13},"end":{"line":30,"column":30}},"28":{"start":{"line":44,"column":30},"end":{"line":56,"column":1}},"29":{"start":{"line":45,"column":19},"end":{"line":45,"column":29}},"30":{"start":{"line":46,"column":4},"end":{"line":55,"column":5}},"31":{"start":{"line":47,"column":24},"end":{"line":47,"column":72}},"32":{"start":{"line":48,"column":8},"end":{"line":50,"column":9}},"33":{"start":{"line":49,"column":12},"end":{"line":49,"column":73}},"34":{"start":{"line":51,"column":8},"end":{"line":51,"column":63}},"35":{"start":{"line":53,"column":8},"end":{"line":53,"column":57}},"36":{"start":{"line":54,"column":8},"end":{"line":54,"column":69}},"37":{"start":{"line":44,"column":13},"end":{"line":44,"column":30}},"38":{"start":{"line":58,"column":34},"end":{"line":70,"column":1}},"39":{"start":{"line":59,"column":19},"end":{"line":59,"column":29}},"40":{"start":{"line":60,"column":4},"end":{"line":69,"column":5}},"41":{"start":{"line":61,"column":32},"end":{"line":61,"column":84}},"42":{"start":{"line":62,"column":8},"end":{"line":64,"column":9}},"43":{"start":{"line":63,"column":12},"end":{"line":63,"column":73}},"44":{"start":{"line":65,"column":8},"end":{"line":65,"column":34}},"45":{"start":{"line":67,"column":8},"end":{"line":67,"column":65}},"46":{"start":{"line":68,"column":8},"end":{"line":68,"column":76}},"47":{"start":{"line":58,"column":13},"end":{"line":58,"column":34}},"48":{"start":{"line":72,"column":39},"end":{"line":91,"column":1}},"49":{"start":{"line":73,"column":15},"end":{"line":73,"column":36}},"50":{"start":{"line":75,"column":4},"end":{"line":77,"column":5}},"51":{"start":{"line":76,"column":8},"end":{"line":76,"column":70}},"52":{"start":{"line":79,"column":4},"end":{"line":90,"column":5}},"53":{"start":{"line":80,"column":21},"end":{"line":80,"column":76}},"54":{"start":{"line":82,"column":8},"end":{"line":84,"column":9}},"55":{"start":{"line":83,"column":12},"end":{"line":83,"column":73}},"56":{"start":{"line":86,"column":8},"end":{"line":86,"column":23}},"57":{"start":{"line":88,"column":8},"end":{"line":88,"column":77}},"58":{"start":{"line":89,"column":8},"end":{"line":89,"column":88}},"59":{"start":{"line":72,"column":13},"end":{"line":72,"column":39}}},"fnMap":{"0":{"name":"(anonymous_9)","decl":{"start":{"line":5,"column":31},"end":{"line":5,"column":36}},"loc":{"start":{"line":5,"column":70},"end":{"line":14,"column":1}}},"1":{"name":"(anonymous_10)","decl":{"start":{"line":16,"column":31},"end":{"line":16,"column":36}},"loc":{"start":{"line":16,"column":69},"end":{"line":28,"column":1}}},"2":{"name":"(anonymous_11)","decl":{"start":{"line":30,"column":30},"end":{"line":30,"column":35}},"loc":{"start":{"line":30,"column":68},"end":{"line":42,"column":1}}},"3":{"name":"(anonymous_12)","decl":{"start":{"line":44,"column":30},"end":{"line":44,"column":35}},"loc":{"start":{"line":44,"column":68},"end":{"line":56,"column":1}}},"4":{"name":"(anonymous_13)","decl":{"start":{"line":58,"column":34},"end":{"line":58,"column":39}},"loc":{"start":{"line":58,"column":72},"end":{"line":70,"column":1}}},"5":{"name":"(anonymous_14)","decl":{"start":{"line":72,"column":39},"end":{"line":72,"column":44}},"loc":{"start":{"line":72,"column":77},"end":{"line":91,"column":1}}}},"branchMap":{"0":{"loc":{"start":{"line":20,"column":8},"end":{"line":22,"column":9}},"type":"if","locations":[{"start":{"line":20,"column":8},"end":{"line":22,"column":9}}]},"1":{"loc":{"start":{"line":34,"column":8},"end":{"line":36,"column":9}},"type":"if","locations":[{"start":{"line":34,"column":8},"end":{"line":36,"column":9}}]},"2":{"loc":{"start":{"line":48,"column":8},"end":{"line":50,"column":9}},"type":"if","locations":[{"start":{"line":48,"column":8},"end":{"line":50,"column":9}}]},"3":{"loc":{"start":{"line":62,"column":8},"end":{"line":64,"column":9}},"type":"if","locations":[{"start":{"line":62,"column":8},"end":{"line":64,"column":9}}]},"4":{"loc":{"start":{"line":75,"column":4},"end":{"line":77,"column":5}},"type":"if","locations":[{"start":{"line":75,"column":4},"end":{"line":77,"column":5}}]},"5":{"loc":{"start":{"line":82,"column":8},"end":{"line":84,"column":9}},"type":"if","locations":[{"start":{"line":82,"column":8},"end":{"line":84,"column":9}}]}},"s":{"0":1,"1":1,"2":2,"3":2,"4":1,"5":1,"6":1,"7":1,"8":1,"9":3,"10":3,"11":3,"12":2,"13":1,"14":1,"15":1,"16":1,"17":1,"18":1,"19":3,"20":3,"21":3,"22":2,"23":1,"24":1,"25":1,"26":1,"27":1,"28":1,"29":3,"30":3,"31":3,"32":2,"33":1,"34":1,"35":1,"36":1,"37":1,"38":1,"39":0,"40":0,"41":0,"42":0,"43":0,"44":0,"45":0,"46":0,"47":1,"48":1,"49":0,"50":0,"51":0,"52":0,"53":0,"54":0,"55":0,"56":0,"57":0,"58":0,"59":1},"f":{"0":2,"1":3,"2":3,"3":3,"4":0,"5":0},"b":{"0":[1],"1":[1],"2":[1],"3":[0],"4":[0],"5":[0]}}
,"/home/robert/Desktop/Dekut-Training-Folder/drizzle-orm/src/customer/customer.service.ts": {"path":"/home/robert/Desktop/Dekut-Training-Folder/drizzle-orm/src/customer/customer.service.ts","statementMap":{"0":{"start":{"line":1,"column":0},"end":{"line":1,"column":35}},"1":{"start":{"line":2,"column":0},"end":{"line":2,"column":111}},"2":{"start":{"line":3,"column":0},"end":{"line":3,"column":33}},"3":{"start":{"line":4,"column":31},"end":{"line":6,"column":1}},"4":{"start":{"line":5,"column":4},"end":{"line":5,"column":49}},"5":{"start":{"line":4,"column":13},"end":{"line":4,"column":31}},"6":{"start":{"line":9,"column":31},"end":{"line":12,"column":1}},"7":{"start":{"line":10,"column":19},"end":{"line":10,"column":96}},"8":{"start":{"line":11,"column":4},"end":{"line":11,"column":21}},"9":{"start":{"line":9,"column":13},"end":{"line":9,"column":31}},"10":{"start":{"line":14,"column":30},"end":{"line":20,"column":1}},"11":{"start":{"line":15,"column":19},"end":{"line":18,"column":18}},"12":{"start":{"line":19,"column":4},"end":{"line":19,"column":21}},"13":{"start":{"line":14,"column":13},"end":{"line":14,"column":30}},"14":{"start":{"line":22,"column":30},"end":{"line":25,"column":1}},"15":{"start":{"line":23,"column":19},"end":{"line":23,"column":111}},"16":{"start":{"line":24,"column":4},"end":{"line":24,"column":21}},"17":{"start":{"line":22,"column":13},"end":{"line":22,"column":30}},"18":{"start":{"line":27,"column":30},"end":{"line":30,"column":1}},"19":{"start":{"line":28,"column":19},"end":{"line":28,"column":101}},"20":{"start":{"line":29,"column":4},"end":{"line":29,"column":29}},"21":{"start":{"line":27,"column":13},"end":{"line":27,"column":30}},"22":{"start":{"line":32,"column":34},"end":{"line":45,"column":1}},"23":{"start":{"line":33,"column":19},"end":{"line":42,"column":48}},"24":{"start":{"line":44,"column":4},"end":{"line":44,"column":18}},"25":{"start":{"line":32,"column":13},"end":{"line":32,"column":34}},"26":{"start":{"line":47,"column":45},"end":{"line":60,"column":1}},"27":{"start":{"line":48,"column":19},"end":{"line":57,"column":48}},"28":{"start":{"line":59,"column":4},"end":{"line":59,"column":18}},"29":{"start":{"line":47,"column":13},"end":{"line":47,"column":45}}},"fnMap":{"0":{"name":"(anonymous_0)","decl":{"start":{"line":4,"column":31},"end":{"line":4,"column":36}},"loc":{"start":{"line":4,"column":42},"end":{"line":6,"column":1}}},"1":{"name":"(anonymous_1)","decl":{"start":{"line":9,"column":31},"end":{"line":9,"column":36}},"loc":{"start":{"line":9,"column":52},"end":{"line":12,"column":1}}},"2":{"name":"(anonymous_2)","decl":{"start":{"line":14,"column":30},"end":{"line":14,"column":35}},"loc":{"start":{"line":14,"column":63},"end":{"line":20,"column":1}}},"3":{"name":"(anonymous_3)","decl":{"start":{"line":22,"column":30},"end":{"line":22,"column":35}},"loc":{"start":{"line":22,"column":84},"end":{"line":25,"column":1}}},"4":{"name":"(anonymous_4)","decl":{"start":{"line":27,"column":30},"end":{"line":27,"column":35}},"loc":{"start":{"line":27,"column":51},"end":{"line":30,"column":1}}},"5":{"name":"(anonymous_5)","decl":{"start":{"line":32,"column":34},"end":{"line":32,"column":39}},"loc":{"start":{"line":32,"column":55},"end":{"line":45,"column":1}}},"6":{"name":"(anonymous_6)","decl":{"start":{"line":47,"column":45},"end":{"line":47,"column":50}},"loc":{"start":{"line":47,"column":66},"end":{"line":60,"column":1}}}},"branchMap":{"0":{"loc":{"start":{"line":17,"column":17},"end":{"line":17,"column":38}},"type":"binary-expr","locations":[{"start":{"line":17,"column":17},"end":{"line":17,"column":29}},{"start":{"line":17,"column":33},"end":{"line":17,"column":38}}]}},"s":{"0":1,"1":1,"2":1,"3":1,"4":0,"5":1,"6":1,"7":0,"8":0,"9":1,"10":1,"11":0,"12":0,"13":1,"14":1,"15":0,"16":0,"17":1,"18":1,"19":0,"20":0,"21":1,"22":1,"23":0,"24":0,"25":1,"26":1,"27":0,"28":0,"29":1},"f":{"0":0,"1":0,"2":0,"3":0,"4":0,"5":0,"6":0},"b":{"0":[0,0]}}
,"/home/robert/Desktop/Dekut-Training-Folder/drizzle-orm/src/drizzle/db.ts": {"path":"/home/robert/Desktop/Dekut-Training-Folder/drizzle-orm/src/drizzle/db.ts","statementMap":{"0":{"start":{"line":1,"column":0},"end":{"line":1,"column":23}},"1":{"start":{"line":2,"column":0},"end":{"line":2,"column":52}},"2":{"start":{"line":3,"column":0},"end":{"line":3,"column":28}},"3":{"start":{"line":4,"column":0},"end":{"line":4,"column":35}},"4":{"start":{"line":6,"column":15},"end":{"line":8,"column":2}},"5":{"start":{"line":10,"column":9},"end":{"line":10,"column":50}},"6":{"start":{"line":22,"column":9},"end":{"line":22,"column":11}},"7":{"start":{"line":12,"column":27},"end":{"line":15,"column":1}},"8":{"start":{"line":13,"column":4},"end":{"line":13,"column":27}},"9":{"start":{"line":14,"column":4},"end":{"line":14,"column":45}},"10":{"start":{"line":12,"column":13},"end":{"line":12,"column":27}},"11":{"start":{"line":17,"column":28},"end":{"line":20,"column":1}},"12":{"start":{"line":18,"column":4},"end":{"line":18,"column":23}},"13":{"start":{"line":19,"column":4},"end":{"line":19,"column":50}},"14":{"start":{"line":17,"column":13},"end":{"line":17,"column":28}}},"fnMap":{"0":{"name":"(anonymous_9)","decl":{"start":{"line":12,"column":27},"end":{"line":12,"column":32}},"loc":{"start":{"line":12,"column":38},"end":{"line":15,"column":1}}},"1":{"name":"(anonymous_10)","decl":{"start":{"line":17,"column":28},"end":{"line":17,"column":33}},"loc":{"start":{"line":17,"column":39},"end":{"line":20,"column":1}}}},"branchMap":{},"s":{"0":2,"1":2,"2":2,"3":2,"4":2,"5":2,"6":2,"7":2,"8":0,"9":0,"10":2,"11":2,"12":0,"13":0,"14":2},"f":{"0":0,"1":0},"b":{}}
,"/home/robert/Desktop/Dekut-Training-Folder/drizzle-orm/src/drizzle/schema.ts": {"path":"/home/robert/Desktop/Dekut-Training-Folder/drizzle-orm/src/drizzle/schema.ts","statementMap":{"0":{"start":{"line":1,"column":0},"end":{"line":1,"column":40}},"1":{"start":{"line":2,"column":0},"end":{"line":2,"column":102}},"2":{"start":{"line":5,"column":13},"end":{"line":16,"column":3}},"3":{"start":{"line":19,"column":13},"end":{"line":24,"column":3}},"4":{"start":{"line":27,"column":13},"end":{"line":35,"column":3}},"5":{"start":{"line":34,"column":55},"end":{"line":34,"column":79}},"6":{"start":{"line":38,"column":13},"end":{"line":49,"column":3}},"7":{"start":{"line":42,"column":26},"end":{"line":42,"column":50}},"8":{"start":{"line":45,"column":26},"end":{"line":45,"column":40}},"9":{"start":{"line":52,"column":13},"end":{"line":63,"column":3}},"10":{"start":{"line":56,"column":26},"end":{"line":56,"column":40}},"11":{"start":{"line":59,"column":26},"end":{"line":59,"column":50}},"12":{"start":{"line":66,"column":13},"end":{"line":74,"column":3}},"13":{"start":{"line":70,"column":26},"end":{"line":70,"column":49}},"14":{"start":{"line":78,"column":13},"end":{"line":86,"column":3}},"15":{"start":{"line":82,"column":26},"end":{"line":82,"column":40}},"16":{"start":{"line":90,"column":13},"end":{"line":99,"column":3}},"17":{"start":{"line":94,"column":26},"end":{"line":94,"column":40}},"18":{"start":{"line":104,"column":13},"end":{"line":107,"column":4}},"19":{"start":{"line":104,"column":73},"end":{"line":107,"column":2}},"20":{"start":{"line":110,"column":13},"end":{"line":112,"column":4}},"21":{"start":{"line":110,"column":77},"end":{"line":112,"column":2}},"22":{"start":{"line":115,"column":13},"end":{"line":124,"column":4}},"23":{"start":{"line":115,"column":68},"end":{"line":124,"column":2}},"24":{"start":{"line":127,"column":13},"end":{"line":136,"column":4}},"25":{"start":{"line":127,"column":78},"end":{"line":136,"column":2}},"26":{"start":{"line":139,"column":13},"end":{"line":149,"column":4}},"27":{"start":{"line":139,"column":78},"end":{"line":149,"column":2}},"28":{"start":{"line":152,"column":13},"end":{"line":157,"column":4}},"29":{"start":{"line":152,"column":70},"end":{"line":157,"column":2}},"30":{"start":{"line":160,"column":13},"end":{"line":165,"column":4}},"31":{"start":{"line":160,"column":78},"end":{"line":165,"column":2}},"32":{"start":{"line":168,"column":13},"end":{"line":173,"column":4}},"33":{"start":{"line":168,"column":74},"end":{"line":173,"column":2}}},"fnMap":{"0":{"name":"(anonymous_0)","decl":{"start":{"line":34,"column":49},"end":{"line":34,"column":52}},"loc":{"start":{"line":34,"column":55},"end":{"line":34,"column":79}}},"1":{"name":"(anonymous_1)","decl":{"start":{"line":42,"column":20},"end":{"line":42,"column":23}},"loc":{"start":{"line":42,"column":26},"end":{"line":42,"column":50}}},"2":{"name":"(anonymous_2)","decl":{"start":{"line":45,"column":20},"end":{"line":45,"column":23}},"loc":{"start":{"line":45,"column":26},"end":{"line":45,"column":40}}},"3":{"name":"(anonymous_3)","decl":{"start":{"line":56,"column":20},"end":{"line":56,"column":23}},"loc":{"start":{"line":56,"column":26},"end":{"line":56,"column":40}}},"4":{"name":"(anonymous_4)","decl":{"start":{"line":59,"column":20},"end":{"line":59,"column":23}},"loc":{"start":{"line":59,"column":26},"end":{"line":59,"column":50}}},"5":{"name":"(anonymous_5)","decl":{"start":{"line":70,"column":20},"end":{"line":70,"column":23}},"loc":{"start":{"line":70,"column":26},"end":{"line":70,"column":49}}},"6":{"name":"(anonymous_6)","decl":{"start":{"line":82,"column":20},"end":{"line":82,"column":23}},"loc":{"start":{"line":82,"column":26},"end":{"line":82,"column":40}}},"7":{"name":"(anonymous_7)","decl":{"start":{"line":94,"column":20},"end":{"line":94,"column":23}},"loc":{"start":{"line":94,"column":26},"end":{"line":94,"column":40}}},"8":{"name":"(anonymous_8)","decl":{"start":{"line":104,"column":58},"end":{"line":104,"column":59}},"loc":{"start":{"line":104,"column":73},"end":{"line":107,"column":2}}},"9":{"name":"(anonymous_9)","decl":{"start":{"line":110,"column":62},"end":{"line":110,"column":63}},"loc":{"start":{"line":110,"column":77},"end":{"line":112,"column":2}}},"10":{"name":"(anonymous_10)","decl":{"start":{"line":115,"column":48},"end":{"line":115,"column":49}},"loc":{"start":{"line":115,"column":68},"end":{"line":124,"column":2}}},"11":{"name":"(anonymous_11)","decl":{"start":{"line":127,"column":64},"end":{"line":127,"column":65}},"loc":{"start":{"line":127,"column":78},"end":{"line":136,"column":2}}},"12":{"name":"(anonymous_12)","decl":{"start":{"line":139,"column":58},"end":{"line":139,"column":59}},"loc":{"start":{"line":139,"column":78},"end":{"line":149,"column":2}}},"13":{"name":"(anonymous_13)","decl":{"start":{"line":152,"column":56},"end":{"line":152,"column":57}},"loc":{"start":{"line":152,"column":70},"end":{"line":157,"column":2}}},"14":{"name":"(anonymous_14)","decl":{"start":{"line":160,"column":64},"end":{"line":160,"column":65}},"loc":{"start":{"line":160,"column":78},"end":{"line":165,"column":2}}},"15":{"name":"(anonymous_15)","decl":{"start":{"line":168,"column":60},"end":{"line":168,"column":61}},"loc":{"start":{"line":168,"column":74},"end":{"line":173,"column":2}}}},"branchMap":{},"s":{"0":3,"1":3,"2":3,"3":3,"4":3,"5":0,"6":3,"7":0,"8":0,"9":3,"10":0,"11":0,"12":3,"13":0,"14":3,"15":0,"16":3,"17":0,"18":3,"19":2,"20":3,"21":2,"22":3,"23":2,"24":3,"25":2,"26":3,"27":2,"28":3,"29":2,"30":3,"31":2,"32":3,"33":2},"f":{"0":0,"1":0,"2":0,"3":0,"4":0,"5":0,"6":0,"7":0,"8":2,"9":2,"10":2,"11":2,"12":2,"13":2,"14":2,"15":2},"b":{}}
}
