{"/home/robert/Desktop/Dekut-Training-Folder/drizzle-orm/src/auth/auth.controller.ts": {"path":"/home/robert/Desktop/Dekut-Training-Folder/drizzle-orm/src/auth/auth.controller.ts","statementMap":{"0":{"start":{"line":2,"column":0},"end":{"line":2,"column":46}},"1":{"start":{"line":4,"column":24},"end":{"line":12,"column":1}},"2":{"start":{"line":5,"column":4},"end":{"line":11,"column":5}},"3":{"start":{"line":6,"column":32},"end":{"line":6,"column":72}},"4":{"start":{"line":7,"column":8},"end":{"line":7,"column":123}},"5":{"start":{"line":9,"column":8},"end":{"line":9,"column":56}},"6":{"start":{"line":10,"column":8},"end":{"line":10,"column":80}},"7":{"start":{"line":4,"column":13},"end":{"line":4,"column":24}},"8":{"start":{"line":14,"column":21},"end":{"line":28,"column":1}},"9":{"start":{"line":15,"column":32},"end":{"line":15,"column":40}},"10":{"start":{"line":17,"column":4},"end":{"line":19,"column":5}},"11":{"start":{"line":18,"column":8},"end":{"line":18,"column":82}},"12":{"start":{"line":21,"column":4},"end":{"line":27,"column":5}},"13":{"start":{"line":22,"column":32},"end":{"line":22,"column":76}},"14":{"start":{"line":23,"column":8},"end":{"line":23,"column":63}},"15":{"start":{"line":25,"column":8},"end":{"line":25,"column":50}},"16":{"start":{"line":26,"column":8},"end":{"line":26,"column":73}},"17":{"start":{"line":14,"column":13},"end":{"line":14,"column":21}},"18":{"start":{"line":30,"column":22},"end":{"line":39,"column":1}},"19":{"start":{"line":31,"column":4},"end":{"line":38,"column":5}},"20":{"start":{"line":32,"column":32},"end":{"line":32,"column":40}},"21":{"start":{"line":33,"column":23},"end":{"line":33,"column":64}},"22":{"start":{"line":34,"column":8},"end":{"line":34,"column":37}},"23":{"start":{"line":36,"column":8},"end":{"line":36,"column":53}},"24":{"start":{"line":37,"column":8},"end":{"line":37,"column":80}},"25":{"start":{"line":30,"column":13},"end":{"line":30,"column":22}}},"fnMap":{"0":{"name":"(anonymous_9)","decl":{"start":{"line":4,"column":24},"end":{"line":4,"column":29}},"loc":{"start":{"line":4,"column":62},"end":{"line":12,"column":1}}},"1":{"name":"(anonymous_10)","decl":{"start":{"line":14,"column":21},"end":{"line":14,"column":26}},"loc":{"start":{"line":14,"column":59},"end":{"line":28,"column":1}}},"2":{"name":"(anonymous_11)","decl":{"start":{"line":30,"column":22},"end":{"line":30,"column":27}},"loc":{"start":{"line":30,"column":60},"end":{"line":39,"column":1}}}},"branchMap":{"0":{"loc":{"start":{"line":10,"column":38},"end":{"line":10,"column":76}},"type":"binary-expr","locations":[{"start":{"line":10,"column":38},"end":{"line":10,"column":51}},{"start":{"line":10,"column":55},"end":{"line":10,"column":76}}]},"1":{"loc":{"start":{"line":17,"column":4},"end":{"line":19,"column":5}},"type":"if","locations":[{"start":{"line":17,"column":4},"end":{"line":19,"column":5}}]},"2":{"loc":{"start":{"line":17,"column":8},"end":{"line":17,"column":27}},"type":"binary-expr","locations":[{"start":{"line":17,"column":8},"end":{"line":17,"column":14}},{"start":{"line":17,"column":18},"end":{"line":17,"column":27}}]},"3":{"loc":{"start":{"line":26,"column":38},"end":{"line":26,"column":69}},"type":"binary-expr","locations":[{"start":{"line":26,"column":38},"end":{"line":26,"column":51}},{"start":{"line":26,"column":55},"end":{"line":26,"column":69}}]},"4":{"loc":{"start":{"line":37,"column":38},"end":{"line":37,"column":76}},"type":"binary-expr","locations":[{"start":{"line":37,"column":38},"end":{"line":37,"column":51}},{"start":{"line":37,"column":55},"end":{"line":37,"column":76}}]}},"s":{"0":1,"1":1,"2":2,"3":2,"4":1,"5":1,"6":1,"7":1,"8":1,"9":5,"10":5,"11":3,"12":2,"13":2,"14":1,"15":1,"16":1,"17":1,"18":1,"19":2,"20":2,"21":2,"22":1,"23":1,"24":1,"25":1},"f":{"0":2,"1":5,"2":2},"b":{"0":[1,0],"1":[3],"2":[5,3],"3":[1,0],"4":[1,0]}}
,"/home/robert/Desktop/Dekut-Training-Folder/drizzle-orm/src/auth/auth.service.ts": {"path":"/home/robert/Desktop/Dekut-Training-Folder/drizzle-orm/src/auth/auth.service.ts","statementMap":{"0":{"start":{"line":1,"column":0},"end":{"line":1,"column":33}},"1":{"start":{"line":2,"column":0},"end":{"line":2,"column":50}},"2":{"start":{"line":3,"column":0},"end":{"line":3,"column":33}},"3":{"start":{"line":4,"column":0},"end":{"line":4,"column":31}},"4":{"start":{"line":6,"column":0},"end":{"line":6,"column":30}},"5":{"start":{"line":7,"column":0},"end":{"line":7,"column":52}},"6":{"start":{"line":8,"column":0},"end":{"line":8,"column":28}},"7":{"start":{"line":10,"column":19},"end":{"line":10,"column":60}},"8":{"start":{"line":12,"column":28},"end":{"line":39,"column":1}},"9":{"start":{"line":13,"column":27},"end":{"line":13,"column":63}},"10":{"start":{"line":15,"column":29},"end":{"line":15,"column":80}},"11":{"start":{"line":17,"column":42},"end":{"line":23,"column":6}},"12":{"start":{"line":25,"column":19},"end":{"line":25,"column":81}},"13":{"start":{"line":27,"column":17},"end":{"line":27,"column":26}},"14":{"start":{"line":29,"column":18},"end":{"line":34,"column":28}},"15":{"start":{"line":36,"column":4},"end":{"line":36,"column":73}},"16":{"start":{"line":38,"column":4},"end":{"line":38,"column":27}},"17":{"start":{"line":12,"column":13},"end":{"line":12,"column":28}},"18":{"start":{"line":41,"column":25},"end":{"line":60,"column":1}},"19":{"start":{"line":42,"column":17},"end":{"line":46,"column":30}},"20":{"start":{"line":46,"column":23},"end":{"line":46,"column":29}},"21":{"start":{"line":48,"column":4},"end":{"line":50,"column":5}},"22":{"start":{"line":49,"column":8},"end":{"line":49,"column":53}},"23":{"start":{"line":52,"column":26},"end":{"line":52,"column":71}},"24":{"start":{"line":53,"column":4},"end":{"line":55,"column":5}},"25":{"start":{"line":54,"column":8},"end":{"line":54,"column":53}},"26":{"start":{"line":57,"column":18},"end":{"line":57,"column":107}},"27":{"start":{"line":59,"column":4},"end":{"line":59,"column":27}},"28":{"start":{"line":41,"column":13},"end":{"line":41,"column":25}},"29":{"start":{"line":62,"column":26},"end":{"line":84,"column":1}},"30":{"start":{"line":63,"column":17},"end":{"line":67,"column":30}},"31":{"start":{"line":67,"column":23},"end":{"line":67,"column":29}},"32":{"start":{"line":69,"column":4},"end":{"line":71,"column":5}},"33":{"start":{"line":70,"column":8},"end":{"line":70,"column":42}},"34":{"start":{"line":73,"column":4},"end":{"line":75,"column":5}},"35":{"start":{"line":74,"column":8},"end":{"line":74,"column":49}},"36":{"start":{"line":77,"column":4},"end":{"line":79,"column":5}},"37":{"start":{"line":78,"column":8},"end":{"line":78,"column":53}},"38":{"start":{"line":81,"column":4},"end":{"line":81,"column":99}},"39":{"start":{"line":83,"column":4},"end":{"line":83,"column":56}},"40":{"start":{"line":62,"column":13},"end":{"line":62,"column":26}}},"fnMap":{"0":{"name":"(anonymous_1)","decl":{"start":{"line":12,"column":28},"end":{"line":12,"column":33}},"loc":{"start":{"line":12,"column":81},"end":{"line":39,"column":1}}},"1":{"name":"(anonymous_2)","decl":{"start":{"line":41,"column":25},"end":{"line":41,"column":30}},"loc":{"start":{"line":41,"column":67},"end":{"line":60,"column":1}}},"2":{"name":"(anonymous_3)","decl":{"start":{"line":46,"column":14},"end":{"line":46,"column":15}},"loc":{"start":{"line":46,"column":23},"end":{"line":46,"column":29}}},"3":{"name":"(anonymous_4)","decl":{"start":{"line":62,"column":26},"end":{"line":62,"column":31}},"loc":{"start":{"line":62,"column":64},"end":{"line":84,"column":1}}},"4":{"name":"(anonymous_5)","decl":{"start":{"line":67,"column":14},"end":{"line":67,"column":15}},"loc":{"start":{"line":67,"column":23},"end":{"line":67,"column":29}}}},"branchMap":{"0":{"loc":{"start":{"line":10,"column":19},"end":{"line":10,"column":60}},"type":"binary-expr","locations":[{"start":{"line":10,"column":19},"end":{"line":10,"column":41}},{"start":{"line":10,"column":45},"end":{"line":10,"column":60}}]},"1":{"loc":{"start":{"line":20,"column":17},"end":{"line":20,"column":38}},"type":"binary-expr","locations":[{"start":{"line":20,"column":17},"end":{"line":20,"column":29}},{"start":{"line":20,"column":33},"end":{"line":20,"column":38}}]},"2":{"loc":{"start":{"line":48,"column":4},"end":{"line":50,"column":5}},"type":"if","locations":[{"start":{"line":48,"column":4},"end":{"line":50,"column":5}}]},"3":{"loc":{"start":{"line":53,"column":4},"end":{"line":55,"column":5}},"type":"if","locations":[{"start":{"line":53,"column":4},"end":{"line":55,"column":5}}]},"4":{"loc":{"start":{"line":69,"column":4},"end":{"line":71,"column":5}},"type":"if","locations":[{"start":{"line":69,"column":4},"end":{"line":71,"column":5}}]},"5":{"loc":{"start":{"line":73,"column":4},"end":{"line":75,"column":5}},"type":"if","locations":[{"start":{"line":73,"column":4},"end":{"line":75,"column":5}}]},"6":{"loc":{"start":{"line":77,"column":4},"end":{"line":79,"column":5}},"type":"if","locations":[{"start":{"line":77,"column":4},"end":{"line":79,"column":5}}]}},"s":{"0":2,"1":2,"2":2,"3":2,"4":2,"5":2,"6":2,"7":2,"8":2,"9":1,"10":1,"11":1,"12":1,"13":1,"14":1,"15":1,"16":1,"17":2,"18":2,"19":3,"20":3,"21":3,"22":1,"23":2,"24":2,"25":1,"26":1,"27":1,"28":2,"29":2,"30":4,"31":4,"32":4,"33":1,"34":3,"35":1,"36":2,"37":1,"38":1,"39":1,"40":2},"f":{"0":1,"1":3,"2":3,"3":4,"4":4},"b":{"0":[2,0],"1":[1,1],"2":[1],"3":[1],"4":[1],"5":[1],"6":[1]}}
,"/home/robert/Desktop/Dekut-Training-Folder/drizzle-orm/src/booking/booking.controller.ts": {"path":"/home/robert/Desktop/Dekut-Training-Folder/drizzle-orm/src/booking/booking.controller.ts","statementMap":{"0":{"start":{"line":2,"column":0},"end":{"line":2,"column":61}},"1":{"start":{"line":7,"column":30},"end":{"line":15,"column":1}},"2":{"start":{"line":8,"column":4},"end":{"line":14,"column":5}},"3":{"start":{"line":9,"column":25},"end":{"line":9,"column":62}},"4":{"start":{"line":10,"column":8},"end":{"line":10,"column":27}},"5":{"start":{"line":12,"column":8},"end":{"line":12,"column":54}},"6":{"start":{"line":13,"column":8},"end":{"line":13,"column":68}},"7":{"start":{"line":7,"column":13},"end":{"line":7,"column":30}},"8":{"start":{"line":17,"column":30},"end":{"line":28,"column":1}},"9":{"start":{"line":18,"column":19},"end":{"line":18,"column":29}},"10":{"start":{"line":19,"column":4},"end":{"line":27,"column":5}},"11":{"start":{"line":20,"column":24},"end":{"line":20,"column":71}},"12":{"start":{"line":21,"column":8},"end":{"line":23,"column":9}},"13":{"start":{"line":22,"column":12},"end":{"line":22,"column":72}},"14":{"start":{"line":24,"column":8},"end":{"line":24,"column":26}},"15":{"start":{"line":26,"column":8},"end":{"line":26,"column":67}},"16":{"start":{"line":17,"column":13},"end":{"line":17,"column":30}},"17":{"start":{"line":30,"column":29},"end":{"line":37,"column":1}},"18":{"start":{"line":31,"column":4},"end":{"line":36,"column":5}},"19":{"start":{"line":32,"column":27},"end":{"line":32,"column":71}},"20":{"start":{"line":33,"column":8},"end":{"line":33,"column":41}},"21":{"start":{"line":35,"column":8},"end":{"line":35,"column":68}},"22":{"start":{"line":30,"column":13},"end":{"line":30,"column":29}},"23":{"start":{"line":39,"column":29},"end":{"line":50,"column":1}},"24":{"start":{"line":40,"column":19},"end":{"line":40,"column":29}},"25":{"start":{"line":41,"column":4},"end":{"line":49,"column":5}},"26":{"start":{"line":42,"column":24},"end":{"line":42,"column":80}},"27":{"start":{"line":43,"column":8},"end":{"line":45,"column":9}},"28":{"start":{"line":44,"column":12},"end":{"line":44,"column":72}},"29":{"start":{"line":46,"column":8},"end":{"line":46,"column":26}},"30":{"start":{"line":48,"column":8},"end":{"line":48,"column":68}},"31":{"start":{"line":39,"column":13},"end":{"line":39,"column":29}},"32":{"start":{"line":52,"column":29},"end":{"line":63,"column":1}},"33":{"start":{"line":53,"column":19},"end":{"line":53,"column":29}},"34":{"start":{"line":54,"column":4},"end":{"line":62,"column":5}},"35":{"start":{"line":55,"column":24},"end":{"line":55,"column":70}},"36":{"start":{"line":56,"column":8},"end":{"line":58,"column":9}},"37":{"start":{"line":57,"column":12},"end":{"line":57,"column":72}},"38":{"start":{"line":59,"column":8},"end":{"line":59,"column":62}},"39":{"start":{"line":61,"column":8},"end":{"line":61,"column":68}},"40":{"start":{"line":52,"column":13},"end":{"line":52,"column":29}},"41":{"start":{"line":65,"column":37},"end":{"line":76,"column":1}},"42":{"start":{"line":66,"column":19},"end":{"line":66,"column":29}},"43":{"start":{"line":67,"column":4},"end":{"line":75,"column":5}},"44":{"start":{"line":68,"column":31},"end":{"line":68,"column":85}},"45":{"start":{"line":69,"column":8},"end":{"line":71,"column":9}},"46":{"start":{"line":70,"column":12},"end":{"line":70,"column":80}},"47":{"start":{"line":72,"column":8},"end":{"line":72,"column":33}},"48":{"start":{"line":74,"column":8},"end":{"line":74,"column":75}},"49":{"start":{"line":65,"column":13},"end":{"line":65,"column":37}},"50":{"start":{"line":78,"column":37},"end":{"line":89,"column":1}},"51":{"start":{"line":79,"column":19},"end":{"line":79,"column":29}},"52":{"start":{"line":80,"column":4},"end":{"line":88,"column":5}},"53":{"start":{"line":81,"column":31},"end":{"line":81,"column":85}},"54":{"start":{"line":82,"column":8},"end":{"line":84,"column":9}},"55":{"start":{"line":83,"column":12},"end":{"line":83,"column":80}},"56":{"start":{"line":85,"column":8},"end":{"line":85,"column":33}},"57":{"start":{"line":87,"column":8},"end":{"line":87,"column":75}},"58":{"start":{"line":78,"column":13},"end":{"line":78,"column":37}}},"fnMap":{"0":{"name":"(anonymous_9)","decl":{"start":{"line":7,"column":30},"end":{"line":7,"column":35}},"loc":{"start":{"line":7,"column":69},"end":{"line":15,"column":1}}},"1":{"name":"(anonymous_10)","decl":{"start":{"line":17,"column":30},"end":{"line":17,"column":35}},"loc":{"start":{"line":17,"column":68},"end":{"line":28,"column":1}}},"2":{"name":"(anonymous_11)","decl":{"start":{"line":30,"column":29},"end":{"line":30,"column":34}},"loc":{"start":{"line":30,"column":67},"end":{"line":37,"column":1}}},"3":{"name":"(anonymous_12)","decl":{"start":{"line":39,"column":29},"end":{"line":39,"column":34}},"loc":{"start":{"line":39,"column":67},"end":{"line":50,"column":1}}},"4":{"name":"(anonymous_13)","decl":{"start":{"line":52,"column":29},"end":{"line":52,"column":34}},"loc":{"start":{"line":52,"column":67},"end":{"line":63,"column":1}}},"5":{"name":"(anonymous_14)","decl":{"start":{"line":65,"column":37},"end":{"line":65,"column":42}},"loc":{"start":{"line":65,"column":75},"end":{"line":76,"column":1}}},"6":{"name":"(anonymous_15)","decl":{"start":{"line":78,"column":37},"end":{"line":78,"column":42}},"loc":{"start":{"line":78,"column":75},"end":{"line":89,"column":1}}}},"branchMap":{"0":{"loc":{"start":{"line":21,"column":8},"end":{"line":23,"column":9}},"type":"if","locations":[{"start":{"line":21,"column":8},"end":{"line":23,"column":9}}]},"1":{"loc":{"start":{"line":43,"column":8},"end":{"line":45,"column":9}},"type":"if","locations":[{"start":{"line":43,"column":8},"end":{"line":45,"column":9}}]},"2":{"loc":{"start":{"line":56,"column":8},"end":{"line":58,"column":9}},"type":"if","locations":[{"start":{"line":56,"column":8},"end":{"line":58,"column":9}}]},"3":{"loc":{"start":{"line":69,"column":8},"end":{"line":71,"column":9}},"type":"if","locations":[{"start":{"line":69,"column":8},"end":{"line":71,"column":9}}]},"4":{"loc":{"start":{"line":82,"column":8},"end":{"line":84,"column":9}},"type":"if","locations":[{"start":{"line":82,"column":8},"end":{"line":84,"column":9}}]}},"s":{"0":1,"1":1,"2":2,"3":2,"4":1,"5":1,"6":1,"7":1,"8":1,"9":3,"10":3,"11":3,"12":2,"13":1,"14":1,"15":1,"16":1,"17":1,"18":2,"19":2,"20":1,"21":1,"22":1,"23":1,"24":3,"25":3,"26":3,"27":2,"28":1,"29":1,"30":1,"31":1,"32":1,"33":3,"34":3,"35":3,"36":2,"37":1,"38":1,"39":1,"40":1,"41":1,"42":3,"43":3,"44":3,"45":2,"46":1,"47":1,"48":1,"49":1,"50":1,"51":3,"52":3,"53":3,"54":2,"55":1,"56":1,"57":1,"58":1},"f":{"0":2,"1":3,"2":2,"3":3,"4":3,"5":3,"6":3},"b":{"0":[1],"1":[1],"2":[1],"3":[1],"4":[1]}}
,"/home/robert/Desktop/Dekut-Training-Folder/drizzle-orm/src/booking/booking.service.ts": {"path":"/home/robert/Desktop/Dekut-Training-Folder/drizzle-orm/src/booking/booking.service.ts","statementMap":{"0":{"start":{"line":1,"column":0},"end":{"line":1,"column":33}},"1":{"start":{"line":2,"column":0},"end":{"line":2,"column":105}},"2":{"start":{"line":3,"column":0},"end":{"line":3,"column":33}},"3":{"start":{"line":4,"column":0},"end":{"line":4,"column":50}},"4":{"start":{"line":7,"column":30},"end":{"line":9,"column":1}},"5":{"start":{"line":8,"column":4},"end":{"line":8,"column":49}},"6":{"start":{"line":7,"column":13},"end":{"line":7,"column":30}},"7":{"start":{"line":11,"column":30},"end":{"line":14,"column":1}},"8":{"start":{"line":12,"column":19},"end":{"line":12,"column":95}},"9":{"start":{"line":13,"column":4},"end":{"line":13,"column":21}},"10":{"start":{"line":11,"column":13},"end":{"line":11,"column":30}},"11":{"start":{"line":16,"column":29},"end":{"line":19,"column":1}},"12":{"start":{"line":17,"column":19},"end":{"line":17,"column":74}},"13":{"start":{"line":18,"column":4},"end":{"line":18,"column":21}},"14":{"start":{"line":16,"column":13},"end":{"line":16,"column":29}},"15":{"start":{"line":21,"column":29},"end":{"line":24,"column":1}},"16":{"start":{"line":22,"column":19},"end":{"line":22,"column":110}},"17":{"start":{"line":23,"column":4},"end":{"line":23,"column":21}},"18":{"start":{"line":21,"column":13},"end":{"line":21,"column":29}},"19":{"start":{"line":26,"column":29},"end":{"line":29,"column":1}},"20":{"start":{"line":27,"column":19},"end":{"line":27,"column":100}},"21":{"start":{"line":28,"column":4},"end":{"line":28,"column":29}},"22":{"start":{"line":26,"column":13},"end":{"line":26,"column":29}},"23":{"start":{"line":31,"column":37},"end":{"line":46,"column":1}},"24":{"start":{"line":32,"column":19},"end":{"line":43,"column":47}},"25":{"start":{"line":45,"column":4},"end":{"line":45,"column":21}},"26":{"start":{"line":31,"column":13},"end":{"line":31,"column":37}},"27":{"start":{"line":48,"column":37},"end":{"line":63,"column":1}},"28":{"start":{"line":49,"column":19},"end":{"line":60,"column":54}},"29":{"start":{"line":62,"column":4},"end":{"line":62,"column":21}},"30":{"start":{"line":48,"column":13},"end":{"line":48,"column":37}}},"fnMap":{"0":{"name":"(anonymous_0)","decl":{"start":{"line":7,"column":30},"end":{"line":7,"column":35}},"loc":{"start":{"line":7,"column":41},"end":{"line":9,"column":1}}},"1":{"name":"(anonymous_1)","decl":{"start":{"line":11,"column":30},"end":{"line":11,"column":35}},"loc":{"start":{"line":11,"column":51},"end":{"line":14,"column":1}}},"2":{"name":"(anonymous_2)","decl":{"start":{"line":16,"column":29},"end":{"line":16,"column":34}},"loc":{"start":{"line":16,"column":61},"end":{"line":19,"column":1}}},"3":{"name":"(anonymous_3)","decl":{"start":{"line":21,"column":29},"end":{"line":21,"column":34}},"loc":{"start":{"line":21,"column":82},"end":{"line":24,"column":1}}},"4":{"name":"(anonymous_4)","decl":{"start":{"line":26,"column":29},"end":{"line":26,"column":34}},"loc":{"start":{"line":26,"column":50},"end":{"line":29,"column":1}}},"5":{"name":"(anonymous_5)","decl":{"start":{"line":31,"column":37},"end":{"line":31,"column":42}},"loc":{"start":{"line":31,"column":58},"end":{"line":46,"column":1}}},"6":{"name":"(anonymous_6)","decl":{"start":{"line":48,"column":37},"end":{"line":48,"column":42}},"loc":{"start":{"line":48,"column":65},"end":{"line":63,"column":1}}}},"branchMap":{},"s":{"0":2,"1":2,"2":2,"3":2,"4":2,"5":1,"6":2,"7":2,"8":1,"9":1,"10":2,"11":2,"12":1,"13":1,"14":2,"15":2,"16":1,"17":1,"18":2,"19":2,"20":2,"21":2,"22":2,"23":2,"24":1,"25":1,"26":2,"27":2,"28":1,"29":1,"30":2},"f":{"0":1,"1":1,"2":1,"3":1,"4":2,"5":1,"6":1},"b":{}}
,"/home/robert/Desktop/Dekut-Training-Folder/drizzle-orm/src/car/car.controller.ts": {"path":"/home/robert/Desktop/Dekut-Training-Folder/drizzle-orm/src/car/car.controller.ts","statementMap":{"0":{"start":{"line":2,"column":0},"end":{"line":2,"column":44}},"1":{"start":{"line":4,"column":26},"end":{"line":11,"column":1}},"2":{"start":{"line":5,"column":4},"end":{"line":10,"column":5}},"3":{"start":{"line":6,"column":21},"end":{"line":6,"column":50}},"4":{"start":{"line":7,"column":8},"end":{"line":7,"column":23}},"5":{"start":{"line":9,"column":8},"end":{"line":9,"column":64}},"6":{"start":{"line":4,"column":13},"end":{"line":4,"column":26}},"7":{"start":{"line":13,"column":26},"end":{"line":24,"column":1}},"8":{"start":{"line":14,"column":19},"end":{"line":14,"column":29}},"9":{"start":{"line":15,"column":4},"end":{"line":23,"column":5}},"10":{"start":{"line":16,"column":20},"end":{"line":16,"column":59}},"11":{"start":{"line":17,"column":8},"end":{"line":19,"column":9}},"12":{"start":{"line":18,"column":12},"end":{"line":18,"column":70}},"13":{"start":{"line":20,"column":8},"end":{"line":20,"column":22}},"14":{"start":{"line":22,"column":8},"end":{"line":22,"column":63}},"15":{"start":{"line":13,"column":13},"end":{"line":13,"column":26}},"16":{"start":{"line":26,"column":25},"end":{"line":33,"column":1}},"17":{"start":{"line":27,"column":4},"end":{"line":32,"column":5}},"18":{"start":{"line":28,"column":23},"end":{"line":28,"column":59}},"19":{"start":{"line":29,"column":8},"end":{"line":29,"column":37}},"20":{"start":{"line":31,"column":8},"end":{"line":31,"column":64}},"21":{"start":{"line":26,"column":13},"end":{"line":26,"column":25}},"22":{"start":{"line":35,"column":25},"end":{"line":46,"column":1}},"23":{"start":{"line":36,"column":19},"end":{"line":36,"column":29}},"24":{"start":{"line":37,"column":4},"end":{"line":45,"column":5}},"25":{"start":{"line":38,"column":24},"end":{"line":38,"column":72}},"26":{"start":{"line":39,"column":8},"end":{"line":41,"column":9}},"27":{"start":{"line":40,"column":12},"end":{"line":40,"column":68}},"28":{"start":{"line":42,"column":8},"end":{"line":42,"column":26}},"29":{"start":{"line":44,"column":8},"end":{"line":44,"column":64}},"30":{"start":{"line":35,"column":13},"end":{"line":35,"column":25}},"31":{"start":{"line":48,"column":25},"end":{"line":59,"column":1}},"32":{"start":{"line":49,"column":19},"end":{"line":49,"column":29}},"33":{"start":{"line":50,"column":4},"end":{"line":58,"column":5}},"34":{"start":{"line":51,"column":24},"end":{"line":51,"column":62}},"35":{"start":{"line":52,"column":8},"end":{"line":54,"column":9}},"36":{"start":{"line":53,"column":12},"end":{"line":53,"column":68}},"37":{"start":{"line":55,"column":8},"end":{"line":55,"column":58}},"38":{"start":{"line":57,"column":8},"end":{"line":57,"column":64}},"39":{"start":{"line":48,"column":13},"end":{"line":48,"column":25}}},"fnMap":{"0":{"name":"(anonymous_9)","decl":{"start":{"line":4,"column":26},"end":{"line":4,"column":31}},"loc":{"start":{"line":4,"column":65},"end":{"line":11,"column":1}}},"1":{"name":"(anonymous_10)","decl":{"start":{"line":13,"column":26},"end":{"line":13,"column":31}},"loc":{"start":{"line":13,"column":64},"end":{"line":24,"column":1}}},"2":{"name":"(anonymous_11)","decl":{"start":{"line":26,"column":25},"end":{"line":26,"column":30}},"loc":{"start":{"line":26,"column":63},"end":{"line":33,"column":1}}},"3":{"name":"(anonymous_12)","decl":{"start":{"line":35,"column":25},"end":{"line":35,"column":30}},"loc":{"start":{"line":35,"column":63},"end":{"line":46,"column":1}}},"4":{"name":"(anonymous_13)","decl":{"start":{"line":48,"column":25},"end":{"line":48,"column":30}},"loc":{"start":{"line":48,"column":63},"end":{"line":59,"column":1}}}},"branchMap":{"0":{"loc":{"start":{"line":17,"column":8},"end":{"line":19,"column":9}},"type":"if","locations":[{"start":{"line":17,"column":8},"end":{"line":19,"column":9}}]},"1":{"loc":{"start":{"line":39,"column":8},"end":{"line":41,"column":9}},"type":"if","locations":[{"start":{"line":39,"column":8},"end":{"line":41,"column":9}}]},"2":{"loc":{"start":{"line":52,"column":8},"end":{"line":54,"column":9}},"type":"if","locations":[{"start":{"line":52,"column":8},"end":{"line":54,"column":9}}]}},"s":{"0":1,"1":1,"2":2,"3":2,"4":1,"5":1,"6":1,"7":1,"8":3,"9":3,"10":3,"11":2,"12":1,"13":1,"14":1,"15":1,"16":1,"17":2,"18":2,"19":1,"20":1,"21":1,"22":1,"23":3,"24":3,"25":3,"26":2,"27":1,"28":1,"29":1,"30":1,"31":1,"32":4,"33":4,"34":4,"35":3,"36":2,"37":1,"38":1,"39":1},"f":{"0":2,"1":3,"2":2,"3":3,"4":4},"b":{"0":[1],"1":[1],"2":[2]}}
,"/home/robert/Desktop/Dekut-Training-Folder/drizzle-orm/src/car/car.service.ts": {"path":"/home/robert/Desktop/Dekut-Training-Folder/drizzle-orm/src/car/car.service.ts","statementMap":{"0":{"start":{"line":1,"column":0},"end":{"line":1,"column":32}},"1":{"start":{"line":2,"column":0},"end":{"line":2,"column":80}},"2":{"start":{"line":3,"column":0},"end":{"line":3,"column":33}},"3":{"start":{"line":5,"column":26},"end":{"line":7,"column":1}},"4":{"start":{"line":6,"column":4},"end":{"line":6,"column":44}},"5":{"start":{"line":5,"column":13},"end":{"line":5,"column":26}},"6":{"start":{"line":9,"column":26},"end":{"line":12,"column":1}},"7":{"start":{"line":10,"column":16},"end":{"line":10,"column":87}},"8":{"start":{"line":11,"column":4},"end":{"line":11,"column":38}},"9":{"start":{"line":9,"column":13},"end":{"line":9,"column":26}},"10":{"start":{"line":14,"column":25},"end":{"line":17,"column":1}},"11":{"start":{"line":15,"column":21},"end":{"line":15,"column":74}},"12":{"start":{"line":16,"column":4},"end":{"line":16,"column":18}},"13":{"start":{"line":14,"column":13},"end":{"line":14,"column":25}},"14":{"start":{"line":19,"column":25},"end":{"line":22,"column":1}},"15":{"start":{"line":20,"column":20},"end":{"line":20,"column":100}},"16":{"start":{"line":21,"column":4},"end":{"line":21,"column":46}},"17":{"start":{"line":19,"column":13},"end":{"line":19,"column":25}},"18":{"start":{"line":24,"column":25},"end":{"line":27,"column":1}},"19":{"start":{"line":25,"column":19},"end":{"line":25,"column":86}},"20":{"start":{"line":26,"column":4},"end":{"line":26,"column":29}},"21":{"start":{"line":24,"column":13},"end":{"line":24,"column":25}}},"fnMap":{"0":{"name":"(anonymous_0)","decl":{"start":{"line":5,"column":26},"end":{"line":5,"column":31}},"loc":{"start":{"line":5,"column":55},"end":{"line":7,"column":1}}},"1":{"name":"(anonymous_1)","decl":{"start":{"line":9,"column":26},"end":{"line":9,"column":31}},"loc":{"start":{"line":9,"column":70},"end":{"line":12,"column":1}}},"2":{"name":"(anonymous_2)","decl":{"start":{"line":14,"column":25},"end":{"line":14,"column":30}},"loc":{"start":{"line":14,"column":72},"end":{"line":17,"column":1}}},"3":{"name":"(anonymous_3)","decl":{"start":{"line":19,"column":25},"end":{"line":19,"column":30}},"loc":{"start":{"line":19,"column":100},"end":{"line":22,"column":1}}},"4":{"name":"(anonymous_4)","decl":{"start":{"line":24,"column":25},"end":{"line":24,"column":30}},"loc":{"start":{"line":24,"column":64},"end":{"line":27,"column":1}}}},"branchMap":{"0":{"loc":{"start":{"line":11,"column":11},"end":{"line":11,"column":37}},"type":"cond-expr","locations":[{"start":{"line":11,"column":24},"end":{"line":11,"column":30}},{"start":{"line":11,"column":33},"end":{"line":11,"column":37}}]},"1":{"loc":{"start":{"line":21,"column":11},"end":{"line":21,"column":45}},"type":"cond-expr","locations":[{"start":{"line":21,"column":28},"end":{"line":21,"column":38}},{"start":{"line":21,"column":41},"end":{"line":21,"column":45}}]}},"s":{"0":2,"1":2,"2":2,"3":2,"4":1,"5":2,"6":2,"7":2,"8":2,"9":2,"10":2,"11":1,"12":1,"13":2,"14":2,"15":2,"16":2,"17":2,"18":2,"19":2,"20":2,"21":2},"f":{"0":1,"1":2,"2":1,"3":2,"4":2},"b":{"0":[1,1],"1":[1,1]}}
,"/home/robert/Desktop/Dekut-Training-Folder/drizzle-orm/src/customer/customer.service.ts": {"path":"/home/robert/Desktop/Dekut-Training-Folder/drizzle-orm/src/customer/customer.service.ts","statementMap":{"0":{"start":{"line":1,"column":0},"end":{"line":1,"column":35}},"1":{"start":{"line":2,"column":0},"end":{"line":2,"column":111}},"2":{"start":{"line":3,"column":0},"end":{"line":3,"column":33}},"3":{"start":{"line":4,"column":31},"end":{"line":6,"column":1}},"4":{"start":{"line":5,"column":4},"end":{"line":5,"column":49}},"5":{"start":{"line":4,"column":13},"end":{"line":4,"column":31}},"6":{"start":{"line":8,"column":31},"end":{"line":11,"column":1}},"7":{"start":{"line":9,"column":19},"end":{"line":9,"column":96}},"8":{"start":{"line":10,"column":4},"end":{"line":10,"column":21}},"9":{"start":{"line":8,"column":13},"end":{"line":8,"column":31}},"10":{"start":{"line":13,"column":30},"end":{"line":16,"column":1}},"11":{"start":{"line":14,"column":19},"end":{"line":14,"column":111}},"12":{"start":{"line":15,"column":4},"end":{"line":15,"column":21}},"13":{"start":{"line":13,"column":13},"end":{"line":13,"column":30}},"14":{"start":{"line":18,"column":30},"end":{"line":21,"column":1}},"15":{"start":{"line":19,"column":19},"end":{"line":19,"column":101}},"16":{"start":{"line":20,"column":4},"end":{"line":20,"column":29}},"17":{"start":{"line":18,"column":13},"end":{"line":18,"column":30}},"18":{"start":{"line":23,"column":34},"end":{"line":36,"column":1}},"19":{"start":{"line":24,"column":19},"end":{"line":33,"column":48}},"20":{"start":{"line":35,"column":4},"end":{"line":35,"column":18}},"21":{"start":{"line":23,"column":13},"end":{"line":23,"column":34}},"22":{"start":{"line":38,"column":45},"end":{"line":51,"column":1}},"23":{"start":{"line":39,"column":19},"end":{"line":48,"column":48}},"24":{"start":{"line":50,"column":4},"end":{"line":50,"column":18}},"25":{"start":{"line":38,"column":13},"end":{"line":38,"column":45}}},"fnMap":{"0":{"name":"(anonymous_0)","decl":{"start":{"line":4,"column":31},"end":{"line":4,"column":36}},"loc":{"start":{"line":4,"column":42},"end":{"line":6,"column":1}}},"1":{"name":"(anonymous_1)","decl":{"start":{"line":8,"column":31},"end":{"line":8,"column":36}},"loc":{"start":{"line":8,"column":52},"end":{"line":11,"column":1}}},"2":{"name":"(anonymous_2)","decl":{"start":{"line":13,"column":30},"end":{"line":13,"column":35}},"loc":{"start":{"line":13,"column":84},"end":{"line":16,"column":1}}},"3":{"name":"(anonymous_3)","decl":{"start":{"line":18,"column":30},"end":{"line":18,"column":35}},"loc":{"start":{"line":18,"column":51},"end":{"line":21,"column":1}}},"4":{"name":"(anonymous_4)","decl":{"start":{"line":23,"column":34},"end":{"line":23,"column":39}},"loc":{"start":{"line":23,"column":55},"end":{"line":36,"column":1}}},"5":{"name":"(anonymous_5)","decl":{"start":{"line":38,"column":45},"end":{"line":38,"column":50}},"loc":{"start":{"line":38,"column":66},"end":{"line":51,"column":1}}}},"branchMap":{},"s":{"0":1,"1":1,"2":1,"3":1,"4":2,"5":1,"6":1,"7":2,"8":2,"9":1,"10":1,"11":2,"12":2,"13":1,"14":1,"15":2,"16":2,"17":1,"18":1,"19":0,"20":0,"21":1,"22":1,"23":0,"24":0,"25":1},"f":{"0":2,"1":2,"2":2,"3":2,"4":0,"5":0},"b":{}}
,"/home/robert/Desktop/Dekut-Training-Folder/drizzle-orm/src/insurance/insurance.controller.ts": {"path":"/home/robert/Desktop/Dekut-Training-Folder/drizzle-orm/src/insurance/insurance.controller.ts","statementMap":{"0":{"start":{"line":2,"column":0},"end":{"line":2,"column":56}},"1":{"start":{"line":4,"column":38},"end":{"line":12,"column":1}},"2":{"start":{"line":5,"column":4},"end":{"line":11,"column":5}},"3":{"start":{"line":6,"column":24},"end":{"line":6,"column":71}},"4":{"start":{"line":7,"column":8},"end":{"line":7,"column":26}},"5":{"start":{"line":9,"column":8},"end":{"line":9,"column":63}},"6":{"start":{"line":10,"column":8},"end":{"line":10,"column":77}},"7":{"start":{"line":4,"column":13},"end":{"line":4,"column":38}},"8":{"start":{"line":14,"column":32},"end":{"line":26,"column":1}},"9":{"start":{"line":15,"column":19},"end":{"line":15,"column":29}},"10":{"start":{"line":16,"column":4},"end":{"line":25,"column":5}},"11":{"start":{"line":17,"column":23},"end":{"line":17,"column":74}},"12":{"start":{"line":18,"column":8},"end":{"line":20,"column":9}},"13":{"start":{"line":19,"column":12},"end":{"line":19,"column":81}},"14":{"start":{"line":21,"column":8},"end":{"line":21,"column":25}},"15":{"start":{"line":23,"column":8},"end":{"line":23,"column":62}},"16":{"start":{"line":24,"column":8},"end":{"line":24,"column":76}},"17":{"start":{"line":14,"column":13},"end":{"line":14,"column":32}},"18":{"start":{"line":28,"column":31},"end":{"line":36,"column":1}},"19":{"start":{"line":29,"column":4},"end":{"line":35,"column":5}},"20":{"start":{"line":30,"column":26},"end":{"line":30,"column":74}},"21":{"start":{"line":31,"column":8},"end":{"line":31,"column":40}},"22":{"start":{"line":33,"column":8},"end":{"line":33,"column":62}},"23":{"start":{"line":34,"column":8},"end":{"line":34,"column":77}},"24":{"start":{"line":28,"column":13},"end":{"line":28,"column":31}},"25":{"start":{"line":38,"column":31},"end":{"line":50,"column":1}},"26":{"start":{"line":39,"column":19},"end":{"line":39,"column":29}},"27":{"start":{"line":40,"column":4},"end":{"line":49,"column":5}},"28":{"start":{"line":41,"column":24},"end":{"line":41,"column":84}},"29":{"start":{"line":42,"column":8},"end":{"line":44,"column":9}},"30":{"start":{"line":43,"column":12},"end":{"line":43,"column":81}},"31":{"start":{"line":45,"column":8},"end":{"line":45,"column":26}},"32":{"start":{"line":47,"column":8},"end":{"line":47,"column":62}},"33":{"start":{"line":48,"column":8},"end":{"line":48,"column":77}},"34":{"start":{"line":38,"column":13},"end":{"line":38,"column":31}},"35":{"start":{"line":52,"column":31},"end":{"line":64,"column":1}},"36":{"start":{"line":53,"column":19},"end":{"line":53,"column":29}},"37":{"start":{"line":54,"column":4},"end":{"line":63,"column":5}},"38":{"start":{"line":55,"column":24},"end":{"line":55,"column":74}},"39":{"start":{"line":56,"column":8},"end":{"line":58,"column":9}},"40":{"start":{"line":57,"column":12},"end":{"line":57,"column":81}},"41":{"start":{"line":59,"column":8},"end":{"line":59,"column":71}},"42":{"start":{"line":61,"column":8},"end":{"line":61,"column":62}},"43":{"start":{"line":62,"column":8},"end":{"line":62,"column":77}},"44":{"start":{"line":52,"column":13},"end":{"line":52,"column":31}}},"fnMap":{"0":{"name":"(anonymous_9)","decl":{"start":{"line":4,"column":38},"end":{"line":4,"column":43}},"loc":{"start":{"line":4,"column":77},"end":{"line":12,"column":1}}},"1":{"name":"(anonymous_10)","decl":{"start":{"line":14,"column":32},"end":{"line":14,"column":37}},"loc":{"start":{"line":14,"column":70},"end":{"line":26,"column":1}}},"2":{"name":"(anonymous_11)","decl":{"start":{"line":28,"column":31},"end":{"line":28,"column":36}},"loc":{"start":{"line":28,"column":69},"end":{"line":36,"column":1}}},"3":{"name":"(anonymous_12)","decl":{"start":{"line":38,"column":31},"end":{"line":38,"column":36}},"loc":{"start":{"line":38,"column":69},"end":{"line":50,"column":1}}},"4":{"name":"(anonymous_13)","decl":{"start":{"line":52,"column":31},"end":{"line":52,"column":36}},"loc":{"start":{"line":52,"column":69},"end":{"line":64,"column":1}}}},"branchMap":{"0":{"loc":{"start":{"line":18,"column":8},"end":{"line":20,"column":9}},"type":"if","locations":[{"start":{"line":18,"column":8},"end":{"line":20,"column":9}}]},"1":{"loc":{"start":{"line":42,"column":8},"end":{"line":44,"column":9}},"type":"if","locations":[{"start":{"line":42,"column":8},"end":{"line":44,"column":9}}]},"2":{"loc":{"start":{"line":56,"column":8},"end":{"line":58,"column":9}},"type":"if","locations":[{"start":{"line":56,"column":8},"end":{"line":58,"column":9}}]}},"s":{"0":1,"1":1,"2":2,"3":2,"4":1,"5":1,"6":1,"7":1,"8":1,"9":3,"10":3,"11":3,"12":2,"13":1,"14":1,"15":1,"16":1,"17":1,"18":1,"19":2,"20":2,"21":1,"22":1,"23":1,"24":1,"25":1,"26":3,"27":3,"28":3,"29":2,"30":1,"31":1,"32":1,"33":1,"34":1,"35":1,"36":3,"37":3,"38":3,"39":2,"40":1,"41":1,"42":1,"43":1,"44":1},"f":{"0":2,"1":3,"2":2,"3":3,"4":3},"b":{"0":[1],"1":[1],"2":[1]}}
,"/home/robert/Desktop/Dekut-Training-Folder/drizzle-orm/src/insurance/insurance.service.ts": {"path":"/home/robert/Desktop/Dekut-Training-Folder/drizzle-orm/src/insurance/insurance.service.ts","statementMap":{"0":{"start":{"line":1,"column":0},"end":{"line":1,"column":33}},"1":{"start":{"line":2,"column":0},"end":{"line":2,"column":70}},"2":{"start":{"line":3,"column":0},"end":{"line":3,"column":33}},"3":{"start":{"line":5,"column":38},"end":{"line":7,"column":1}},"4":{"start":{"line":6,"column":4},"end":{"line":6,"column":50}},"5":{"start":{"line":5,"column":13},"end":{"line":5,"column":38}},"6":{"start":{"line":9,"column":32},"end":{"line":12,"column":1}},"7":{"start":{"line":10,"column":19},"end":{"line":10,"column":99}},"8":{"start":{"line":11,"column":4},"end":{"line":11,"column":21}},"9":{"start":{"line":9,"column":13},"end":{"line":9,"column":32}},"10":{"start":{"line":14,"column":31},"end":{"line":17,"column":1}},"11":{"start":{"line":15,"column":19},"end":{"line":15,"column":75}},"12":{"start":{"line":16,"column":4},"end":{"line":16,"column":21}},"13":{"start":{"line":14,"column":13},"end":{"line":14,"column":31}},"14":{"start":{"line":19,"column":31},"end":{"line":22,"column":1}},"15":{"start":{"line":20,"column":19},"end":{"line":20,"column":114}},"16":{"start":{"line":21,"column":4},"end":{"line":21,"column":21}},"17":{"start":{"line":19,"column":13},"end":{"line":19,"column":31}},"18":{"start":{"line":24,"column":31},"end":{"line":27,"column":1}},"19":{"start":{"line":25,"column":19},"end":{"line":25,"column":104}},"20":{"start":{"line":26,"column":4},"end":{"line":26,"column":29}},"21":{"start":{"line":24,"column":13},"end":{"line":24,"column":31}}},"fnMap":{"0":{"name":"(anonymous_0)","decl":{"start":{"line":5,"column":38},"end":{"line":5,"column":43}},"loc":{"start":{"line":5,"column":49},"end":{"line":7,"column":1}}},"1":{"name":"(anonymous_1)","decl":{"start":{"line":9,"column":32},"end":{"line":9,"column":37}},"loc":{"start":{"line":9,"column":53},"end":{"line":12,"column":1}}},"2":{"name":"(anonymous_2)","decl":{"start":{"line":14,"column":31},"end":{"line":14,"column":36}},"loc":{"start":{"line":14,"column":65},"end":{"line":17,"column":1}}},"3":{"name":"(anonymous_3)","decl":{"start":{"line":19,"column":31},"end":{"line":19,"column":36}},"loc":{"start":{"line":19,"column":86},"end":{"line":22,"column":1}}},"4":{"name":"(anonymous_4)","decl":{"start":{"line":24,"column":31},"end":{"line":24,"column":36}},"loc":{"start":{"line":24,"column":52},"end":{"line":27,"column":1}}}},"branchMap":{},"s":{"0":2,"1":2,"2":2,"3":2,"4":1,"5":2,"6":2,"7":1,"8":1,"9":2,"10":2,"11":1,"12":1,"13":2,"14":2,"15":1,"16":1,"17":2,"18":2,"19":2,"20":2,"21":2},"f":{"0":1,"1":1,"2":1,"3":1,"4":2},"b":{}}
,"/home/robert/Desktop/Dekut-Training-Folder/drizzle-orm/src/location/location.controller.ts": {"path":"/home/robert/Desktop/Dekut-Training-Folder/drizzle-orm/src/location/location.controller.ts","statementMap":{"0":{"start":{"line":2,"column":0},"end":{"line":2,"column":54}},"1":{"start":{"line":4,"column":31},"end":{"line":12,"column":1}},"2":{"start":{"line":5,"column":4},"end":{"line":11,"column":5}},"3":{"start":{"line":6,"column":26},"end":{"line":6,"column":65}},"4":{"start":{"line":7,"column":8},"end":{"line":7,"column":28}},"5":{"start":{"line":9,"column":8},"end":{"line":9,"column":58}},"6":{"start":{"line":10,"column":8},"end":{"line":10,"column":69}},"7":{"start":{"line":4,"column":13},"end":{"line":4,"column":31}},"8":{"start":{"line":14,"column":31},"end":{"line":26,"column":1}},"9":{"start":{"line":15,"column":19},"end":{"line":15,"column":29}},"10":{"start":{"line":16,"column":4},"end":{"line":25,"column":5}},"11":{"start":{"line":17,"column":25},"end":{"line":17,"column":74}},"12":{"start":{"line":18,"column":8},"end":{"line":20,"column":9}},"13":{"start":{"line":19,"column":12},"end":{"line":19,"column":73}},"14":{"start":{"line":21,"column":8},"end":{"line":21,"column":27}},"15":{"start":{"line":23,"column":8},"end":{"line":23,"column":57}},"16":{"start":{"line":24,"column":8},"end":{"line":24,"column":68}},"17":{"start":{"line":14,"column":13},"end":{"line":14,"column":31}},"18":{"start":{"line":28,"column":30},"end":{"line":36,"column":1}},"19":{"start":{"line":29,"column":4},"end":{"line":35,"column":5}},"20":{"start":{"line":30,"column":28},"end":{"line":30,"column":74}},"21":{"start":{"line":31,"column":8},"end":{"line":31,"column":42}},"22":{"start":{"line":33,"column":8},"end":{"line":33,"column":57}},"23":{"start":{"line":34,"column":8},"end":{"line":34,"column":69}},"24":{"start":{"line":28,"column":13},"end":{"line":28,"column":30}},"25":{"start":{"line":38,"column":30},"end":{"line":50,"column":1}},"26":{"start":{"line":39,"column":19},"end":{"line":39,"column":29}},"27":{"start":{"line":40,"column":4},"end":{"line":49,"column":5}},"28":{"start":{"line":41,"column":24},"end":{"line":41,"column":82}},"29":{"start":{"line":42,"column":8},"end":{"line":44,"column":9}},"30":{"start":{"line":43,"column":12},"end":{"line":43,"column":73}},"31":{"start":{"line":45,"column":8},"end":{"line":45,"column":26}},"32":{"start":{"line":47,"column":8},"end":{"line":47,"column":57}},"33":{"start":{"line":48,"column":8},"end":{"line":48,"column":69}},"34":{"start":{"line":38,"column":13},"end":{"line":38,"column":30}},"35":{"start":{"line":52,"column":30},"end":{"line":64,"column":1}},"36":{"start":{"line":53,"column":19},"end":{"line":53,"column":29}},"37":{"start":{"line":54,"column":4},"end":{"line":63,"column":5}},"38":{"start":{"line":55,"column":24},"end":{"line":55,"column":72}},"39":{"start":{"line":56,"column":8},"end":{"line":58,"column":9}},"40":{"start":{"line":57,"column":12},"end":{"line":57,"column":73}},"41":{"start":{"line":59,"column":8},"end":{"line":59,"column":63}},"42":{"start":{"line":61,"column":8},"end":{"line":61,"column":57}},"43":{"start":{"line":62,"column":8},"end":{"line":62,"column":69}},"44":{"start":{"line":52,"column":13},"end":{"line":52,"column":30}},"45":{"start":{"line":66,"column":34},"end":{"line":79,"column":1}},"46":{"start":{"line":67,"column":19},"end":{"line":67,"column":29}},"47":{"start":{"line":69,"column":4},"end":{"line":78,"column":5}},"48":{"start":{"line":70,"column":29},"end":{"line":70,"column":82}},"49":{"start":{"line":71,"column":8},"end":{"line":73,"column":9}},"50":{"start":{"line":72,"column":12},"end":{"line":72,"column":73}},"51":{"start":{"line":74,"column":8},"end":{"line":74,"column":31}},"52":{"start":{"line":76,"column":8},"end":{"line":76,"column":65}},"53":{"start":{"line":77,"column":8},"end":{"line":77,"column":76}},"54":{"start":{"line":66,"column":13},"end":{"line":66,"column":34}}},"fnMap":{"0":{"name":"(anonymous_9)","decl":{"start":{"line":4,"column":31},"end":{"line":4,"column":36}},"loc":{"start":{"line":4,"column":70},"end":{"line":12,"column":1}}},"1":{"name":"(anonymous_10)","decl":{"start":{"line":14,"column":31},"end":{"line":14,"column":36}},"loc":{"start":{"line":14,"column":69},"end":{"line":26,"column":1}}},"2":{"name":"(anonymous_11)","decl":{"start":{"line":28,"column":30},"end":{"line":28,"column":35}},"loc":{"start":{"line":28,"column":68},"end":{"line":36,"column":1}}},"3":{"name":"(anonymous_12)","decl":{"start":{"line":38,"column":30},"end":{"line":38,"column":35}},"loc":{"start":{"line":38,"column":68},"end":{"line":50,"column":1}}},"4":{"name":"(anonymous_13)","decl":{"start":{"line":52,"column":30},"end":{"line":52,"column":35}},"loc":{"start":{"line":52,"column":68},"end":{"line":64,"column":1}}},"5":{"name":"(anonymous_14)","decl":{"start":{"line":66,"column":34},"end":{"line":66,"column":39}},"loc":{"start":{"line":66,"column":72},"end":{"line":79,"column":1}}}},"branchMap":{"0":{"loc":{"start":{"line":18,"column":8},"end":{"line":20,"column":9}},"type":"if","locations":[{"start":{"line":18,"column":8},"end":{"line":20,"column":9}}]},"1":{"loc":{"start":{"line":42,"column":8},"end":{"line":44,"column":9}},"type":"if","locations":[{"start":{"line":42,"column":8},"end":{"line":44,"column":9}}]},"2":{"loc":{"start":{"line":56,"column":8},"end":{"line":58,"column":9}},"type":"if","locations":[{"start":{"line":56,"column":8},"end":{"line":58,"column":9}}]},"3":{"loc":{"start":{"line":71,"column":8},"end":{"line":73,"column":9}},"type":"if","locations":[{"start":{"line":71,"column":8},"end":{"line":73,"column":9}}]}},"s":{"0":1,"1":1,"2":2,"3":2,"4":1,"5":1,"6":1,"7":1,"8":1,"9":3,"10":3,"11":3,"12":2,"13":1,"14":1,"15":1,"16":1,"17":1,"18":1,"19":2,"20":2,"21":1,"22":1,"23":1,"24":1,"25":1,"26":3,"27":3,"28":3,"29":2,"30":1,"31":1,"32":1,"33":1,"34":1,"35":1,"36":3,"37":3,"38":3,"39":2,"40":1,"41":1,"42":1,"43":1,"44":1,"45":1,"46":3,"47":3,"48":3,"49":2,"50":1,"51":1,"52":1,"53":1,"54":1},"f":{"0":2,"1":3,"2":2,"3":3,"4":3,"5":3},"b":{"0":[1],"1":[1],"2":[1],"3":[1]}}
,"/home/robert/Desktop/Dekut-Training-Folder/drizzle-orm/src/location/location.service.ts": {"path":"/home/robert/Desktop/Dekut-Training-Folder/drizzle-orm/src/location/location.service.ts","statementMap":{"0":{"start":{"line":1,"column":0},"end":{"line":1,"column":33}},"1":{"start":{"line":2,"column":0},"end":{"line":2,"column":90}},"2":{"start":{"line":3,"column":0},"end":{"line":3,"column":33}},"3":{"start":{"line":6,"column":31},"end":{"line":8,"column":1}},"4":{"start":{"line":7,"column":4},"end":{"line":7,"column":49}},"5":{"start":{"line":6,"column":13},"end":{"line":6,"column":31}},"6":{"start":{"line":11,"column":31},"end":{"line":14,"column":1}},"7":{"start":{"line":12,"column":21},"end":{"line":12,"column":98}},"8":{"start":{"line":13,"column":4},"end":{"line":13,"column":57}},"9":{"start":{"line":11,"column":13},"end":{"line":11,"column":31}},"10":{"start":{"line":17,"column":30},"end":{"line":20,"column":1}},"11":{"start":{"line":18,"column":26},"end":{"line":18,"column":89}},"12":{"start":{"line":19,"column":4},"end":{"line":19,"column":23}},"13":{"start":{"line":17,"column":13},"end":{"line":17,"column":30}},"14":{"start":{"line":23,"column":30},"end":{"line":34,"column":1}},"15":{"start":{"line":27,"column":20},"end":{"line":31,"column":20}},"16":{"start":{"line":33,"column":4},"end":{"line":33,"column":55}},"17":{"start":{"line":23,"column":13},"end":{"line":23,"column":30}},"18":{"start":{"line":37,"column":30},"end":{"line":40,"column":1}},"19":{"start":{"line":38,"column":19},"end":{"line":38,"column":101}},"20":{"start":{"line":39,"column":4},"end":{"line":39,"column":29}},"21":{"start":{"line":37,"column":13},"end":{"line":37,"column":30}},"22":{"start":{"line":42,"column":35},"end":{"line":62,"column":1}},"23":{"start":{"line":43,"column":20},"end":{"line":50,"column":56}},"24":{"start":{"line":52,"column":4},"end":{"line":52,"column":75}},"25":{"start":{"line":52,"column":30},"end":{"line":52,"column":75}},"26":{"start":{"line":54,"column":25},"end":{"line":54,"column":35}},"27":{"start":{"line":56,"column":17},"end":{"line":56,"column":62}},"28":{"start":{"line":56,"column":38},"end":{"line":56,"column":45}},"29":{"start":{"line":58,"column":4},"end":{"line":61,"column":6}},"30":{"start":{"line":42,"column":13},"end":{"line":42,"column":35}}},"fnMap":{"0":{"name":"(anonymous_0)","decl":{"start":{"line":6,"column":31},"end":{"line":6,"column":36}},"loc":{"start":{"line":6,"column":65},"end":{"line":8,"column":1}}},"1":{"name":"(anonymous_1)","decl":{"start":{"line":11,"column":31},"end":{"line":11,"column":36}},"loc":{"start":{"line":11,"column":85},"end":{"line":14,"column":1}}},"2":{"name":"(anonymous_2)","decl":{"start":{"line":17,"column":30},"end":{"line":17,"column":35}},"loc":{"start":{"line":17,"column":92},"end":{"line":20,"column":1}}},"3":{"name":"(anonymous_3)","decl":{"start":{"line":23,"column":30},"end":{"line":23,"column":35}},"loc":{"start":{"line":26,"column":37},"end":{"line":34,"column":1}}},"4":{"name":"(anonymous_4)","decl":{"start":{"line":37,"column":30},"end":{"line":37,"column":35}},"loc":{"start":{"line":37,"column":69},"end":{"line":40,"column":1}}},"5":{"name":"(anonymous_5)","decl":{"start":{"line":42,"column":35},"end":{"line":42,"column":40}},"loc":{"start":{"line":42,"column":64},"end":{"line":62,"column":1}}},"6":{"name":"(anonymous_6)","decl":{"start":{"line":56,"column":29},"end":{"line":56,"column":30}},"loc":{"start":{"line":56,"column":38},"end":{"line":56,"column":45}}}},"branchMap":{"0":{"loc":{"start":{"line":13,"column":11},"end":{"line":13,"column":56}},"type":"cond-expr","locations":[{"start":{"line":13,"column":33},"end":{"line":13,"column":44}},{"start":{"line":13,"column":47},"end":{"line":13,"column":56}}]},"1":{"loc":{"start":{"line":33,"column":11},"end":{"line":33,"column":54}},"type":"cond-expr","locations":[{"start":{"line":33,"column":32},"end":{"line":33,"column":42}},{"start":{"line":33,"column":45},"end":{"line":33,"column":54}}]},"2":{"loc":{"start":{"line":52,"column":4},"end":{"line":52,"column":75}},"type":"if","locations":[{"start":{"line":52,"column":4},"end":{"line":52,"column":75}}]}},"s":{"0":3,"1":3,"2":3,"3":3,"4":1,"5":3,"6":3,"7":2,"8":2,"9":3,"10":3,"11":1,"12":1,"13":3,"14":3,"15":2,"16":2,"17":3,"18":3,"19":2,"20":2,"21":3,"22":3,"23":2,"24":2,"25":1,"26":1,"27":1,"28":2,"29":1,"30":3},"f":{"0":1,"1":2,"2":1,"3":2,"4":2,"5":2,"6":2},"b":{"0":[1,1],"1":[1,1],"2":[1]}}
,"/home/robert/Desktop/Dekut-Training-Folder/drizzle-orm/src/mantainance/maintenance.controller.ts": {"path":"/home/robert/Desktop/Dekut-Training-Folder/drizzle-orm/src/mantainance/maintenance.controller.ts","statementMap":{"0":{"start":{"line":2,"column":0},"end":{"line":2,"column":60}},"1":{"start":{"line":4,"column":40},"end":{"line":12,"column":1}},"2":{"start":{"line":5,"column":4},"end":{"line":11,"column":5}},"3":{"start":{"line":6,"column":24},"end":{"line":6,"column":75}},"4":{"start":{"line":7,"column":8},"end":{"line":7,"column":26}},"5":{"start":{"line":9,"column":8},"end":{"line":9,"column":68}},"6":{"start":{"line":10,"column":8},"end":{"line":10,"column":79}},"7":{"start":{"line":4,"column":13},"end":{"line":4,"column":40}},"8":{"start":{"line":14,"column":34},"end":{"line":26,"column":1}},"9":{"start":{"line":15,"column":19},"end":{"line":15,"column":29}},"10":{"start":{"line":16,"column":4},"end":{"line":25,"column":5}},"11":{"start":{"line":17,"column":23},"end":{"line":17,"column":78}},"12":{"start":{"line":18,"column":8},"end":{"line":20,"column":9}},"13":{"start":{"line":19,"column":12},"end":{"line":19,"column":83}},"14":{"start":{"line":21,"column":8},"end":{"line":21,"column":25}},"15":{"start":{"line":23,"column":8},"end":{"line":23,"column":67}},"16":{"start":{"line":24,"column":8},"end":{"line":24,"column":78}},"17":{"start":{"line":14,"column":13},"end":{"line":14,"column":34}},"18":{"start":{"line":28,"column":33},"end":{"line":36,"column":1}},"19":{"start":{"line":29,"column":4},"end":{"line":35,"column":5}},"20":{"start":{"line":30,"column":26},"end":{"line":30,"column":78}},"21":{"start":{"line":31,"column":8},"end":{"line":31,"column":40}},"22":{"start":{"line":33,"column":8},"end":{"line":33,"column":67}},"23":{"start":{"line":34,"column":8},"end":{"line":34,"column":79}},"24":{"start":{"line":28,"column":13},"end":{"line":28,"column":33}},"25":{"start":{"line":38,"column":33},"end":{"line":50,"column":1}},"26":{"start":{"line":39,"column":19},"end":{"line":39,"column":29}},"27":{"start":{"line":40,"column":4},"end":{"line":49,"column":5}},"28":{"start":{"line":41,"column":24},"end":{"line":41,"column":88}},"29":{"start":{"line":42,"column":8},"end":{"line":44,"column":9}},"30":{"start":{"line":43,"column":12},"end":{"line":43,"column":83}},"31":{"start":{"line":45,"column":8},"end":{"line":45,"column":26}},"32":{"start":{"line":47,"column":8},"end":{"line":47,"column":67}},"33":{"start":{"line":48,"column":8},"end":{"line":48,"column":79}},"34":{"start":{"line":38,"column":13},"end":{"line":38,"column":33}},"35":{"start":{"line":52,"column":33},"end":{"line":64,"column":1}},"36":{"start":{"line":53,"column":19},"end":{"line":53,"column":29}},"37":{"start":{"line":54,"column":4},"end":{"line":63,"column":5}},"38":{"start":{"line":55,"column":24},"end":{"line":55,"column":78}},"39":{"start":{"line":56,"column":8},"end":{"line":58,"column":9}},"40":{"start":{"line":57,"column":12},"end":{"line":57,"column":83}},"41":{"start":{"line":59,"column":8},"end":{"line":59,"column":73}},"42":{"start":{"line":61,"column":8},"end":{"line":61,"column":67}},"43":{"start":{"line":62,"column":8},"end":{"line":62,"column":79}},"44":{"start":{"line":52,"column":13},"end":{"line":52,"column":33}}},"fnMap":{"0":{"name":"(anonymous_9)","decl":{"start":{"line":4,"column":40},"end":{"line":4,"column":45}},"loc":{"start":{"line":4,"column":79},"end":{"line":12,"column":1}}},"1":{"name":"(anonymous_10)","decl":{"start":{"line":14,"column":34},"end":{"line":14,"column":39}},"loc":{"start":{"line":14,"column":72},"end":{"line":26,"column":1}}},"2":{"name":"(anonymous_11)","decl":{"start":{"line":28,"column":33},"end":{"line":28,"column":38}},"loc":{"start":{"line":28,"column":71},"end":{"line":36,"column":1}}},"3":{"name":"(anonymous_12)","decl":{"start":{"line":38,"column":33},"end":{"line":38,"column":38}},"loc":{"start":{"line":38,"column":71},"end":{"line":50,"column":1}}},"4":{"name":"(anonymous_13)","decl":{"start":{"line":52,"column":33},"end":{"line":52,"column":38}},"loc":{"start":{"line":52,"column":71},"end":{"line":64,"column":1}}}},"branchMap":{"0":{"loc":{"start":{"line":18,"column":8},"end":{"line":20,"column":9}},"type":"if","locations":[{"start":{"line":18,"column":8},"end":{"line":20,"column":9}}]},"1":{"loc":{"start":{"line":42,"column":8},"end":{"line":44,"column":9}},"type":"if","locations":[{"start":{"line":42,"column":8},"end":{"line":44,"column":9}}]},"2":{"loc":{"start":{"line":56,"column":8},"end":{"line":58,"column":9}},"type":"if","locations":[{"start":{"line":56,"column":8},"end":{"line":58,"column":9}}]}},"s":{"0":1,"1":1,"2":2,"3":2,"4":1,"5":1,"6":1,"7":1,"8":1,"9":3,"10":3,"11":3,"12":2,"13":1,"14":1,"15":1,"16":1,"17":1,"18":1,"19":2,"20":2,"21":1,"22":1,"23":1,"24":1,"25":1,"26":3,"27":3,"28":3,"29":2,"30":1,"31":1,"32":1,"33":1,"34":1,"35":1,"36":3,"37":3,"38":3,"39":2,"40":1,"41":1,"42":1,"43":1,"44":1},"f":{"0":2,"1":3,"2":2,"3":3,"4":3},"b":{"0":[1],"1":[1],"2":[1]}}
,"/home/robert/Desktop/Dekut-Training-Folder/drizzle-orm/src/mantainance/maintenance.service.ts": {"path":"/home/robert/Desktop/Dekut-Training-Folder/drizzle-orm/src/mantainance/maintenance.service.ts","statementMap":{"0":{"start":{"line":1,"column":0},"end":{"line":1,"column":33}},"1":{"start":{"line":2,"column":0},"end":{"line":2,"column":74}},"2":{"start":{"line":3,"column":0},"end":{"line":3,"column":33}},"3":{"start":{"line":5,"column":40},"end":{"line":7,"column":1}},"4":{"start":{"line":6,"column":4},"end":{"line":6,"column":52}},"5":{"start":{"line":5,"column":13},"end":{"line":5,"column":40}},"6":{"start":{"line":9,"column":34},"end":{"line":12,"column":1}},"7":{"start":{"line":10,"column":19},"end":{"line":10,"column":105}},"8":{"start":{"line":11,"column":4},"end":{"line":11,"column":21}},"9":{"start":{"line":9,"column":13},"end":{"line":9,"column":34}},"10":{"start":{"line":14,"column":33},"end":{"line":17,"column":1}},"11":{"start":{"line":15,"column":19},"end":{"line":15,"column":77}},"12":{"start":{"line":16,"column":4},"end":{"line":16,"column":18}},"13":{"start":{"line":14,"column":13},"end":{"line":14,"column":33}},"14":{"start":{"line":19,"column":33},"end":{"line":26,"column":1}},"15":{"start":{"line":20,"column":19},"end":{"line":24,"column":20}},"16":{"start":{"line":25,"column":4},"end":{"line":25,"column":21}},"17":{"start":{"line":19,"column":13},"end":{"line":19,"column":33}},"18":{"start":{"line":28,"column":33},"end":{"line":31,"column":1}},"19":{"start":{"line":29,"column":19},"end":{"line":29,"column":110}},"20":{"start":{"line":30,"column":4},"end":{"line":30,"column":29}},"21":{"start":{"line":28,"column":13},"end":{"line":28,"column":33}}},"fnMap":{"0":{"name":"(anonymous_0)","decl":{"start":{"line":5,"column":40},"end":{"line":5,"column":45}},"loc":{"start":{"line":5,"column":51},"end":{"line":7,"column":1}}},"1":{"name":"(anonymous_1)","decl":{"start":{"line":9,"column":34},"end":{"line":9,"column":39}},"loc":{"start":{"line":9,"column":55},"end":{"line":12,"column":1}}},"2":{"name":"(anonymous_2)","decl":{"start":{"line":14,"column":33},"end":{"line":14,"column":38}},"loc":{"start":{"line":14,"column":69},"end":{"line":17,"column":1}}},"3":{"name":"(anonymous_3)","decl":{"start":{"line":19,"column":33},"end":{"line":19,"column":38}},"loc":{"start":{"line":19,"column":90},"end":{"line":26,"column":1}}},"4":{"name":"(anonymous_4)","decl":{"start":{"line":28,"column":33},"end":{"line":28,"column":38}},"loc":{"start":{"line":28,"column":54},"end":{"line":31,"column":1}}}},"branchMap":{},"s":{"0":2,"1":2,"2":2,"3":2,"4":1,"5":2,"6":2,"7":1,"8":1,"9":2,"10":2,"11":1,"12":1,"13":2,"14":2,"15":1,"16":1,"17":2,"18":2,"19":2,"20":2,"21":2},"f":{"0":1,"1":1,"2":1,"3":1,"4":2},"b":{}}
,"/home/robert/Desktop/Dekut-Training-Folder/drizzle-orm/src/payment/payment.controller.ts": {"path":"/home/robert/Desktop/Dekut-Training-Folder/drizzle-orm/src/payment/payment.controller.ts","statementMap":{"0":{"start":{"line":2,"column":0},"end":{"line":2,"column":52}},"1":{"start":{"line":4,"column":30},"end":{"line":12,"column":1}},"2":{"start":{"line":5,"column":4},"end":{"line":11,"column":5}},"3":{"start":{"line":6,"column":25},"end":{"line":6,"column":62}},"4":{"start":{"line":7,"column":8},"end":{"line":7,"column":27}},"5":{"start":{"line":9,"column":8},"end":{"line":9,"column":57}},"6":{"start":{"line":10,"column":8},"end":{"line":10,"column":68}},"7":{"start":{"line":4,"column":13},"end":{"line":4,"column":30}},"8":{"start":{"line":14,"column":30},"end":{"line":26,"column":1}},"9":{"start":{"line":15,"column":19},"end":{"line":15,"column":29}},"10":{"start":{"line":16,"column":4},"end":{"line":25,"column":5}},"11":{"start":{"line":17,"column":24},"end":{"line":17,"column":71}},"12":{"start":{"line":18,"column":8},"end":{"line":20,"column":9}},"13":{"start":{"line":19,"column":12},"end":{"line":19,"column":72}},"14":{"start":{"line":21,"column":8},"end":{"line":21,"column":26}},"15":{"start":{"line":23,"column":8},"end":{"line":23,"column":56}},"16":{"start":{"line":24,"column":8},"end":{"line":24,"column":67}},"17":{"start":{"line":14,"column":13},"end":{"line":14,"column":30}},"18":{"start":{"line":28,"column":29},"end":{"line":36,"column":1}},"19":{"start":{"line":29,"column":4},"end":{"line":35,"column":5}},"20":{"start":{"line":30,"column":27},"end":{"line":30,"column":71}},"21":{"start":{"line":31,"column":8},"end":{"line":31,"column":41}},"22":{"start":{"line":33,"column":8},"end":{"line":33,"column":56}},"23":{"start":{"line":34,"column":8},"end":{"line":34,"column":68}},"24":{"start":{"line":28,"column":13},"end":{"line":28,"column":29}},"25":{"start":{"line":38,"column":29},"end":{"line":50,"column":1}},"26":{"start":{"line":39,"column":19},"end":{"line":39,"column":29}},"27":{"start":{"line":40,"column":4},"end":{"line":49,"column":5}},"28":{"start":{"line":41,"column":24},"end":{"line":41,"column":80}},"29":{"start":{"line":42,"column":8},"end":{"line":44,"column":9}},"30":{"start":{"line":43,"column":12},"end":{"line":43,"column":72}},"31":{"start":{"line":45,"column":8},"end":{"line":45,"column":26}},"32":{"start":{"line":47,"column":8},"end":{"line":47,"column":56}},"33":{"start":{"line":48,"column":8},"end":{"line":48,"column":68}},"34":{"start":{"line":38,"column":13},"end":{"line":38,"column":29}},"35":{"start":{"line":52,"column":29},"end":{"line":64,"column":1}},"36":{"start":{"line":53,"column":19},"end":{"line":53,"column":29}},"37":{"start":{"line":54,"column":4},"end":{"line":63,"column":5}},"38":{"start":{"line":55,"column":24},"end":{"line":55,"column":70}},"39":{"start":{"line":56,"column":8},"end":{"line":58,"column":9}},"40":{"start":{"line":57,"column":12},"end":{"line":57,"column":72}},"41":{"start":{"line":59,"column":8},"end":{"line":59,"column":62}},"42":{"start":{"line":61,"column":8},"end":{"line":61,"column":56}},"43":{"start":{"line":62,"column":8},"end":{"line":62,"column":68}},"44":{"start":{"line":52,"column":13},"end":{"line":52,"column":29}}},"fnMap":{"0":{"name":"(anonymous_9)","decl":{"start":{"line":4,"column":30},"end":{"line":4,"column":35}},"loc":{"start":{"line":4,"column":69},"end":{"line":12,"column":1}}},"1":{"name":"(anonymous_10)","decl":{"start":{"line":14,"column":30},"end":{"line":14,"column":35}},"loc":{"start":{"line":14,"column":68},"end":{"line":26,"column":1}}},"2":{"name":"(anonymous_11)","decl":{"start":{"line":28,"column":29},"end":{"line":28,"column":34}},"loc":{"start":{"line":28,"column":67},"end":{"line":36,"column":1}}},"3":{"name":"(anonymous_12)","decl":{"start":{"line":38,"column":29},"end":{"line":38,"column":34}},"loc":{"start":{"line":38,"column":67},"end":{"line":50,"column":1}}},"4":{"name":"(anonymous_13)","decl":{"start":{"line":52,"column":29},"end":{"line":52,"column":34}},"loc":{"start":{"line":52,"column":67},"end":{"line":64,"column":1}}}},"branchMap":{"0":{"loc":{"start":{"line":18,"column":8},"end":{"line":20,"column":9}},"type":"if","locations":[{"start":{"line":18,"column":8},"end":{"line":20,"column":9}}]},"1":{"loc":{"start":{"line":42,"column":8},"end":{"line":44,"column":9}},"type":"if","locations":[{"start":{"line":42,"column":8},"end":{"line":44,"column":9}}]},"2":{"loc":{"start":{"line":56,"column":8},"end":{"line":58,"column":9}},"type":"if","locations":[{"start":{"line":56,"column":8},"end":{"line":58,"column":9}}]}},"s":{"0":1,"1":1,"2":2,"3":2,"4":1,"5":1,"6":1,"7":1,"8":1,"9":3,"10":3,"11":3,"12":2,"13":1,"14":1,"15":1,"16":1,"17":1,"18":1,"19":2,"20":2,"21":1,"22":1,"23":1,"24":1,"25":1,"26":3,"27":3,"28":3,"29":2,"30":1,"31":1,"32":1,"33":1,"34":1,"35":1,"36":3,"37":3,"38":3,"39":2,"40":1,"41":1,"42":1,"43":1,"44":1},"f":{"0":2,"1":3,"2":2,"3":3,"4":3},"b":{"0":[1],"1":[1],"2":[1]}}
,"/home/robert/Desktop/Dekut-Training-Folder/drizzle-orm/src/payment/payment.service.ts": {"path":"/home/robert/Desktop/Dekut-Training-Folder/drizzle-orm/src/payment/payment.service.ts","statementMap":{"0":{"start":{"line":1,"column":0},"end":{"line":1,"column":33}},"1":{"start":{"line":2,"column":0},"end":{"line":2,"column":66}},"2":{"start":{"line":3,"column":0},"end":{"line":3,"column":33}},"3":{"start":{"line":5,"column":30},"end":{"line":7,"column":1}},"4":{"start":{"line":6,"column":4},"end":{"line":6,"column":48}},"5":{"start":{"line":5,"column":13},"end":{"line":5,"column":30}},"6":{"start":{"line":9,"column":30},"end":{"line":12,"column":1}},"7":{"start":{"line":10,"column":19},"end":{"line":10,"column":93}},"8":{"start":{"line":11,"column":4},"end":{"line":11,"column":21}},"9":{"start":{"line":9,"column":13},"end":{"line":9,"column":30}},"10":{"start":{"line":14,"column":29},"end":{"line":17,"column":1}},"11":{"start":{"line":15,"column":19},"end":{"line":15,"column":73}},"12":{"start":{"line":16,"column":4},"end":{"line":16,"column":21}},"13":{"start":{"line":14,"column":13},"end":{"line":14,"column":29}},"14":{"start":{"line":19,"column":29},"end":{"line":22,"column":1}},"15":{"start":{"line":20,"column":19},"end":{"line":20,"column":108}},"16":{"start":{"line":21,"column":4},"end":{"line":21,"column":21}},"17":{"start":{"line":19,"column":13},"end":{"line":19,"column":29}},"18":{"start":{"line":24,"column":29},"end":{"line":27,"column":1}},"19":{"start":{"line":25,"column":19},"end":{"line":25,"column":98}},"20":{"start":{"line":26,"column":4},"end":{"line":26,"column":29}},"21":{"start":{"line":24,"column":13},"end":{"line":24,"column":29}}},"fnMap":{"0":{"name":"(anonymous_0)","decl":{"start":{"line":5,"column":30},"end":{"line":5,"column":35}},"loc":{"start":{"line":5,"column":41},"end":{"line":7,"column":1}}},"1":{"name":"(anonymous_1)","decl":{"start":{"line":9,"column":30},"end":{"line":9,"column":35}},"loc":{"start":{"line":9,"column":51},"end":{"line":12,"column":1}}},"2":{"name":"(anonymous_2)","decl":{"start":{"line":14,"column":29},"end":{"line":14,"column":34}},"loc":{"start":{"line":14,"column":61},"end":{"line":17,"column":1}}},"3":{"name":"(anonymous_3)","decl":{"start":{"line":19,"column":29},"end":{"line":19,"column":34}},"loc":{"start":{"line":19,"column":82},"end":{"line":22,"column":1}}},"4":{"name":"(anonymous_4)","decl":{"start":{"line":24,"column":29},"end":{"line":24,"column":34}},"loc":{"start":{"line":24,"column":50},"end":{"line":27,"column":1}}}},"branchMap":{},"s":{"0":2,"1":2,"2":2,"3":2,"4":1,"5":2,"6":2,"7":1,"8":1,"9":2,"10":2,"11":1,"12":1,"13":2,"14":2,"15":1,"16":1,"17":2,"18":2,"19":2,"20":2,"21":2},"f":{"0":1,"1":1,"2":1,"3":1,"4":2},"b":{}}
,"/home/robert/Desktop/Dekut-Training-Folder/drizzle-orm/src/reservation/reservation.controller.ts": {"path":"/home/robert/Desktop/Dekut-Training-Folder/drizzle-orm/src/reservation/reservation.controller.ts","statementMap":{"0":{"start":{"line":2,"column":0},"end":{"line":2,"column":73}},"1":{"start":{"line":4,"column":34},"end":{"line":12,"column":1}},"2":{"start":{"line":5,"column":4},"end":{"line":11,"column":5}},"3":{"start":{"line":6,"column":29},"end":{"line":6,"column":74}},"4":{"start":{"line":7,"column":8},"end":{"line":7,"column":31}},"5":{"start":{"line":9,"column":8},"end":{"line":9,"column":61}},"6":{"start":{"line":10,"column":8},"end":{"line":10,"column":72}},"7":{"start":{"line":4,"column":13},"end":{"line":4,"column":34}},"8":{"start":{"line":14,"column":34},"end":{"line":26,"column":1}},"9":{"start":{"line":15,"column":19},"end":{"line":15,"column":29}},"10":{"start":{"line":16,"column":4},"end":{"line":25,"column":5}},"11":{"start":{"line":17,"column":28},"end":{"line":17,"column":83}},"12":{"start":{"line":18,"column":8},"end":{"line":20,"column":9}},"13":{"start":{"line":19,"column":12},"end":{"line":19,"column":76}},"14":{"start":{"line":21,"column":8},"end":{"line":21,"column":30}},"15":{"start":{"line":23,"column":8},"end":{"line":23,"column":60}},"16":{"start":{"line":24,"column":8},"end":{"line":24,"column":71}},"17":{"start":{"line":14,"column":13},"end":{"line":14,"column":34}},"18":{"start":{"line":28,"column":33},"end":{"line":36,"column":1}},"19":{"start":{"line":29,"column":4},"end":{"line":35,"column":5}},"20":{"start":{"line":30,"column":31},"end":{"line":30,"column":83}},"21":{"start":{"line":31,"column":8},"end":{"line":31,"column":45}},"22":{"start":{"line":33,"column":8},"end":{"line":33,"column":60}},"23":{"start":{"line":34,"column":8},"end":{"line":34,"column":72}},"24":{"start":{"line":28,"column":13},"end":{"line":28,"column":33}},"25":{"start":{"line":38,"column":33},"end":{"line":50,"column":1}},"26":{"start":{"line":39,"column":19},"end":{"line":39,"column":29}},"27":{"start":{"line":40,"column":4},"end":{"line":49,"column":5}},"28":{"start":{"line":41,"column":24},"end":{"line":41,"column":88}},"29":{"start":{"line":42,"column":8},"end":{"line":44,"column":9}},"30":{"start":{"line":43,"column":12},"end":{"line":43,"column":76}},"31":{"start":{"line":45,"column":8},"end":{"line":45,"column":26}},"32":{"start":{"line":47,"column":8},"end":{"line":47,"column":60}},"33":{"start":{"line":48,"column":8},"end":{"line":48,"column":72}},"34":{"start":{"line":38,"column":13},"end":{"line":38,"column":33}},"35":{"start":{"line":52,"column":33},"end":{"line":64,"column":1}},"36":{"start":{"line":53,"column":19},"end":{"line":53,"column":29}},"37":{"start":{"line":54,"column":4},"end":{"line":63,"column":5}},"38":{"start":{"line":55,"column":24},"end":{"line":55,"column":78}},"39":{"start":{"line":56,"column":8},"end":{"line":58,"column":9}},"40":{"start":{"line":57,"column":12},"end":{"line":57,"column":76}},"41":{"start":{"line":59,"column":8},"end":{"line":59,"column":66}},"42":{"start":{"line":61,"column":8},"end":{"line":61,"column":60}},"43":{"start":{"line":62,"column":8},"end":{"line":62,"column":72}},"44":{"start":{"line":52,"column":13},"end":{"line":52,"column":33}}},"fnMap":{"0":{"name":"(anonymous_9)","decl":{"start":{"line":4,"column":34},"end":{"line":4,"column":39}},"loc":{"start":{"line":4,"column":73},"end":{"line":12,"column":1}}},"1":{"name":"(anonymous_10)","decl":{"start":{"line":14,"column":34},"end":{"line":14,"column":39}},"loc":{"start":{"line":14,"column":72},"end":{"line":26,"column":1}}},"2":{"name":"(anonymous_11)","decl":{"start":{"line":28,"column":33},"end":{"line":28,"column":38}},"loc":{"start":{"line":28,"column":71},"end":{"line":36,"column":1}}},"3":{"name":"(anonymous_12)","decl":{"start":{"line":38,"column":33},"end":{"line":38,"column":38}},"loc":{"start":{"line":38,"column":71},"end":{"line":50,"column":1}}},"4":{"name":"(anonymous_13)","decl":{"start":{"line":52,"column":33},"end":{"line":52,"column":38}},"loc":{"start":{"line":52,"column":71},"end":{"line":64,"column":1}}}},"branchMap":{"0":{"loc":{"start":{"line":18,"column":8},"end":{"line":20,"column":9}},"type":"if","locations":[{"start":{"line":18,"column":8},"end":{"line":20,"column":9}}]},"1":{"loc":{"start":{"line":42,"column":8},"end":{"line":44,"column":9}},"type":"if","locations":[{"start":{"line":42,"column":8},"end":{"line":44,"column":9}}]},"2":{"loc":{"start":{"line":56,"column":8},"end":{"line":58,"column":9}},"type":"if","locations":[{"start":{"line":56,"column":8},"end":{"line":58,"column":9}}]}},"s":{"0":1,"1":1,"2":2,"3":2,"4":1,"5":1,"6":1,"7":1,"8":1,"9":3,"10":3,"11":3,"12":2,"13":1,"14":1,"15":1,"16":1,"17":1,"18":1,"19":2,"20":2,"21":1,"22":1,"23":1,"24":1,"25":1,"26":3,"27":3,"28":3,"29":2,"30":1,"31":1,"32":1,"33":1,"34":1,"35":1,"36":3,"37":3,"38":3,"39":2,"40":1,"41":1,"42":1,"43":1,"44":1},"f":{"0":2,"1":3,"2":2,"3":3,"4":3},"b":{"0":[1],"1":[1],"2":[1]}}
,"/home/robert/Desktop/Dekut-Training-Folder/drizzle-orm/src/reservation/reservation.service.ts": {"path":"/home/robert/Desktop/Dekut-Training-Folder/drizzle-orm/src/reservation/reservation.service.ts","statementMap":{"0":{"start":{"line":1,"column":0},"end":{"line":1,"column":33}},"1":{"start":{"line":2,"column":0},"end":{"line":2,"column":99}},"2":{"start":{"line":3,"column":0},"end":{"line":3,"column":33}},"3":{"start":{"line":5,"column":34},"end":{"line":7,"column":1}},"4":{"start":{"line":6,"column":4},"end":{"line":6,"column":52}},"5":{"start":{"line":5,"column":13},"end":{"line":5,"column":34}},"6":{"start":{"line":9,"column":34},"end":{"line":12,"column":1}},"7":{"start":{"line":10,"column":19},"end":{"line":10,"column":105}},"8":{"start":{"line":11,"column":4},"end":{"line":11,"column":21}},"9":{"start":{"line":9,"column":13},"end":{"line":9,"column":34}},"10":{"start":{"line":14,"column":33},"end":{"line":17,"column":1}},"11":{"start":{"line":15,"column":19},"end":{"line":15,"column":77}},"12":{"start":{"line":16,"column":4},"end":{"line":16,"column":21}},"13":{"start":{"line":14,"column":13},"end":{"line":14,"column":33}},"14":{"start":{"line":19,"column":33},"end":{"line":26,"column":1}},"15":{"start":{"line":20,"column":19},"end":{"line":24,"column":20}},"16":{"start":{"line":25,"column":4},"end":{"line":25,"column":21}},"17":{"start":{"line":19,"column":13},"end":{"line":19,"column":33}},"18":{"start":{"line":28,"column":33},"end":{"line":31,"column":1}},"19":{"start":{"line":29,"column":19},"end":{"line":29,"column":110}},"20":{"start":{"line":30,"column":4},"end":{"line":30,"column":29}},"21":{"start":{"line":28,"column":13},"end":{"line":28,"column":33}}},"fnMap":{"0":{"name":"(anonymous_0)","decl":{"start":{"line":5,"column":34},"end":{"line":5,"column":39}},"loc":{"start":{"line":5,"column":45},"end":{"line":7,"column":1}}},"1":{"name":"(anonymous_1)","decl":{"start":{"line":9,"column":34},"end":{"line":9,"column":39}},"loc":{"start":{"line":9,"column":55},"end":{"line":12,"column":1}}},"2":{"name":"(anonymous_2)","decl":{"start":{"line":14,"column":33},"end":{"line":14,"column":38}},"loc":{"start":{"line":14,"column":69},"end":{"line":17,"column":1}}},"3":{"name":"(anonymous_3)","decl":{"start":{"line":19,"column":33},"end":{"line":19,"column":38}},"loc":{"start":{"line":19,"column":90},"end":{"line":26,"column":1}}},"4":{"name":"(anonymous_4)","decl":{"start":{"line":28,"column":33},"end":{"line":28,"column":38}},"loc":{"start":{"line":28,"column":54},"end":{"line":31,"column":1}}}},"branchMap":{},"s":{"0":2,"1":2,"2":2,"3":2,"4":1,"5":2,"6":2,"7":1,"8":1,"9":2,"10":2,"11":1,"12":1,"13":2,"14":2,"15":1,"16":1,"17":2,"18":2,"19":2,"20":2,"21":2},"f":{"0":1,"1":1,"2":1,"3":1,"4":2},"b":{}}
}
