TN:
SF:src/car/car.controller.ts
FN:4,(anonymous_9)
FN:13,(anonymous_10)
FN:26,(anonymous_11)
FN:35,(anonymous_12)
FN:48,(anonymous_13)
FNF:5
FNH:5
FNDA:2,(anonymous_9)
FNDA:3,(anonymous_10)
FNDA:2,(anonymous_11)
FNDA:3,(anonymous_12)
FNDA:4,(anonymous_13)
DA:2,1
DA:4,1
DA:5,2
DA:6,2
DA:7,1
DA:9,1
DA:13,1
DA:14,3
DA:15,3
DA:16,3
DA:17,2
DA:18,1
DA:20,1
DA:22,1
DA:26,1
DA:27,2
DA:28,2
DA:29,1
DA:31,1
DA:35,1
DA:36,3
DA:37,3
DA:38,3
DA:39,2
DA:40,1
DA:42,1
DA:44,1
DA:48,1
DA:49,4
DA:50,4
DA:51,4
DA:52,3
DA:53,2
DA:55,1
DA:57,1
LF:35
LH:35
BRDA:17,0,0,1
BRDA:39,1,0,1
BRDA:52,2,0,2
BRF:3
BRH:3
end_of_record
TN:
SF:src/car/car.service.ts
FN:5,(anonymous_0)
FN:9,(anonymous_1)
FN:14,(anonymous_2)
FN:19,(anonymous_3)
FN:24,(anonymous_4)
FNF:5
FNH:0
FNDA:0,(anonymous_0)
FNDA:0,(anonymous_1)
FNDA:0,(anonymous_2)
FNDA:0,(anonymous_3)
FNDA:0,(anonymous_4)
DA:1,1
DA:2,1
DA:3,1
DA:5,1
DA:6,0
DA:9,1
DA:10,0
DA:11,0
DA:14,1
DA:15,0
DA:16,0
DA:19,1
DA:20,0
DA:21,0
DA:24,1
DA:25,0
DA:26,0
LF:17
LH:8
BRDA:11,0,0,0
BRDA:11,0,1,0
BRDA:21,1,0,0
BRDA:21,1,1,0
BRF:4
BRH:0
end_of_record
TN:
SF:src/customer/customer.controller.ts
FN:5,(anonymous_9)
FN:16,(anonymous_10)
FN:30,(anonymous_11)
FN:44,(anonymous_12)
FN:58,(anonymous_13)
FN:72,(anonymous_14)
FNF:6
FNH:4
FNDA:1,(anonymous_9)
FNDA:2,(anonymous_10)
FNDA:2,(anonymous_11)
FNDA:2,(anonymous_12)
FNDA:0,(anonymous_13)
FNDA:0,(anonymous_14)
DA:2,1
DA:5,1
DA:7,1
DA:8,1
DA:9,1
DA:11,0
DA:12,0
DA:16,1
DA:17,2
DA:18,2
DA:19,2
DA:20,2
DA:21,1
DA:23,1
DA:25,0
DA:26,0
DA:30,1
DA:31,2
DA:32,2
DA:33,2
DA:34,2
DA:35,1
DA:37,1
DA:39,0
DA:40,0
DA:44,1
DA:45,2
DA:46,2
DA:47,2
DA:48,2
DA:49,1
DA:51,1
DA:53,0
DA:54,0
DA:58,1
DA:59,0
DA:60,0
DA:61,0
DA:62,0
DA:63,0
DA:65,0
DA:67,0
DA:68,0
DA:72,1
DA:73,0
DA:75,0
DA:76,0
DA:79,0
DA:80,0
DA:82,0
DA:83,0
DA:86,0
DA:88,0
DA:89,0
LF:54
LH:28
BRDA:20,0,0,1
BRDA:34,1,0,1
BRDA:48,2,0,1
BRDA:62,3,0,0
BRDA:75,4,0,0
BRDA:82,5,0,0
BRF:6
BRH:3
end_of_record
TN:
SF:src/customer/customer.service.ts
FN:4,(anonymous_0)
FN:9,(anonymous_1)
FN:14,(anonymous_2)
FN:22,(anonymous_3)
FN:27,(anonymous_4)
FN:32,(anonymous_5)
FN:47,(anonymous_6)
FNF:7
FNH:0
FNDA:0,(anonymous_0)
FNDA:0,(anonymous_1)
FNDA:0,(anonymous_2)
FNDA:0,(anonymous_3)
FNDA:0,(anonymous_4)
FNDA:0,(anonymous_5)
FNDA:0,(anonymous_6)
DA:1,1
DA:2,1
DA:3,1
DA:4,1
DA:5,0
DA:9,1
DA:10,0
DA:11,0
DA:14,1
DA:15,0
DA:19,0
DA:22,1
DA:23,0
DA:24,0
DA:27,1
DA:28,0
DA:29,0
DA:32,1
DA:33,0
DA:44,0
DA:47,1
DA:48,0
DA:59,0
LF:23
LH:10
BRDA:17,0,0,0
BRDA:17,0,1,0
BRF:2
BRH:0
end_of_record
TN:
SF:src/drizzle/db.ts
FN:12,(anonymous_9)
FN:17,(anonymous_10)
FNF:2
FNH:0
FNDA:0,(anonymous_9)
FNDA:0,(anonymous_10)
DA:1,2
DA:2,2
DA:3,2
DA:4,2
DA:6,2
DA:10,2
DA:12,2
DA:13,0
DA:14,0
DA:17,2
DA:18,0
DA:19,0
DA:22,2
LF:13
LH:9
BRF:0
BRH:0
end_of_record
TN:
SF:src/drizzle/schema.ts
FN:32,(anonymous_0)
FN:40,(anonymous_1)
FN:43,(anonymous_2)
FN:54,(anonymous_3)
FN:57,(anonymous_4)
FN:68,(anonymous_5)
FN:80,(anonymous_6)
FN:92,(anonymous_7)
FN:102,(anonymous_8)
FN:108,(anonymous_9)
FN:113,(anonymous_10)
FN:125,(anonymous_11)
FN:137,(anonymous_12)
FN:150,(anonymous_13)
FN:158,(anonymous_14)
FN:166,(anonymous_15)
FNF:16
FNH:8
FNDA:0,(anonymous_0)
FNDA:0,(anonymous_1)
FNDA:0,(anonymous_2)
FNDA:0,(anonymous_3)
FNDA:0,(anonymous_4)
FNDA:0,(anonymous_5)
FNDA:0,(anonymous_6)
FNDA:0,(anonymous_7)
FNDA:2,(anonymous_8)
FNDA:2,(anonymous_9)
FNDA:2,(anonymous_10)
FNDA:2,(anonymous_11)
FNDA:2,(anonymous_12)
FNDA:2,(anonymous_13)
FNDA:2,(anonymous_14)
FNDA:2,(anonymous_15)
DA:1,2
DA:2,2
DA:5,2
DA:17,2
DA:25,2
DA:32,0
DA:36,2
DA:40,0
DA:43,0
DA:50,2
DA:54,0
DA:57,0
DA:64,2
DA:68,0
DA:76,2
DA:80,0
DA:88,2
DA:92,0
DA:102,2
DA:108,2
DA:113,2
DA:125,2
DA:137,2
DA:150,2
DA:158,2
DA:166,2
LF:26
LH:18
BRF:0
BRH:0
end_of_record
