TN:
SF:src/booking/booking.controller.ts
FN:7,(anonymous_9)
FN:17,(anonymous_10)
FN:30,(anonymous_11)
FN:39,(anonymous_12)
FN:52,(anonymous_13)
FN:65,(anonymous_14)
FN:78,(anonymous_15)
FNF:7
FNH:7
FNDA:2,(anonymous_9)
FNDA:3,(anonymous_10)
FNDA:2,(anonymous_11)
FNDA:3,(anonymous_12)
FNDA:3,(anonymous_13)
FNDA:3,(anonymous_14)
FNDA:3,(anonymous_15)
DA:2,1
DA:7,1
DA:8,2
DA:9,2
DA:10,1
DA:12,1
DA:13,1
DA:17,1
DA:18,3
DA:19,3
DA:20,3
DA:21,2
DA:22,1
DA:24,1
DA:26,1
DA:30,1
DA:31,2
DA:32,2
DA:33,1
DA:35,1
DA:39,1
DA:40,3
DA:41,3
DA:42,3
DA:43,2
DA:44,1
DA:46,1
DA:48,1
DA:52,1
DA:53,3
DA:54,3
DA:55,3
DA:56,2
DA:57,1
DA:59,1
DA:61,1
DA:65,1
DA:66,3
DA:67,3
DA:68,3
DA:69,2
DA:70,1
DA:72,1
DA:74,1
DA:78,1
DA:79,3
DA:80,3
DA:81,3
DA:82,2
DA:83,1
DA:85,1
DA:87,1
LF:52
LH:52
BRDA:21,0,0,1
BRDA:43,1,0,1
BRDA:56,2,0,1
BRDA:69,3,0,1
BRDA:82,4,0,1
BRF:5
BRH:5
end_of_record
TN:
SF:src/booking/booking.service.ts
FN:7,(anonymous_0)
FN:11,(anonymous_1)
FN:16,(anonymous_2)
FN:21,(anonymous_3)
FN:26,(anonymous_4)
FN:31,(anonymous_5)
FN:48,(anonymous_6)
FNF:7
FNH:0
FNDA:0,(anonymous_0)
FNDA:0,(anonymous_1)
FNDA:0,(anonymous_2)
FNDA:0,(anonymous_3)
FNDA:0,(anonymous_4)
FNDA:0,(anonymous_5)
FNDA:0,(anonymous_6)
DA:1,1
DA:2,1
DA:3,1
DA:4,1
DA:7,1
DA:8,0
DA:11,1
DA:12,0
DA:13,0
DA:16,1
DA:17,0
DA:18,0
DA:21,1
DA:22,0
DA:23,0
DA:26,1
DA:27,0
DA:28,0
DA:31,1
DA:32,0
DA:45,0
DA:48,1
DA:49,0
DA:62,0
LF:24
LH:11
BRF:0
BRH:0
end_of_record
TN:
SF:src/car/car.controller.ts
FN:4,(anonymous_9)
FN:13,(anonymous_10)
FN:26,(anonymous_11)
FN:35,(anonymous_12)
FN:48,(anonymous_13)
FNF:5
FNH:5
FNDA:2,(anonymous_9)
FNDA:3,(anonymous_10)
FNDA:2,(anonymous_11)
FNDA:3,(anonymous_12)
FNDA:4,(anonymous_13)
DA:2,1
DA:4,1
DA:5,2
DA:6,2
DA:7,1
DA:9,1
DA:13,1
DA:14,3
DA:15,3
DA:16,3
DA:17,2
DA:18,1
DA:20,1
DA:22,1
DA:26,1
DA:27,2
DA:28,2
DA:29,1
DA:31,1
DA:35,1
DA:36,3
DA:37,3
DA:38,3
DA:39,2
DA:40,1
DA:42,1
DA:44,1
DA:48,1
DA:49,4
DA:50,4
DA:51,4
DA:52,3
DA:53,2
DA:55,1
DA:57,1
LF:35
LH:35
BRDA:17,0,0,1
BRDA:39,1,0,1
BRDA:52,2,0,2
BRF:3
BRH:3
end_of_record
TN:
SF:src/car/car.service.ts
FN:5,(anonymous_0)
FN:9,(anonymous_1)
FN:14,(anonymous_2)
FN:19,(anonymous_3)
FN:24,(anonymous_4)
FNF:5
FNH:4
FNDA:1,(anonymous_0)
FNDA:0,(anonymous_1)
FNDA:1,(anonymous_2)
FNDA:1,(anonymous_3)
FNDA:1,(anonymous_4)
DA:1,2
DA:2,2
DA:3,2
DA:5,2
DA:6,1
DA:9,2
DA:10,0
DA:11,0
DA:14,2
DA:15,1
DA:16,1
DA:19,2
DA:20,1
DA:21,1
DA:24,2
DA:25,1
DA:26,1
LF:17
LH:15
BRDA:11,0,0,0
BRDA:11,0,1,0
BRDA:21,1,0,1
BRDA:21,1,1,0
BRF:4
BRH:1
end_of_record
